CRITICAL - 2022-11-11 23:30:31 --> Undefined variable $categorias
in APPPATH\Views\pessoas_detalhes.php on line 19.
 1 APPPATH\Views\pessoas_detalhes.php(19): CodeIgniter\Debug\Exceptions->errorHandler(2, 'Undefined variable $categorias', 'APPPATH\\Views\\pessoas_detalhes.php', 19)
 2 SYSTEMPATH\View\View.php(213): include('APPPATH\\Views\\pessoas_detalhes.php')
 3 SYSTEMPATH\View\View.php(216): CodeIgniter\View\View->CodeIgniter\View\{closure}()
 4 SYSTEMPATH\Common.php(1134): CodeIgniter\View\View->render('pessoas_detalhes', [], true)
 5 APPPATH\Controllers\Pessoas.php(12): view('pessoas_detalhes', [...])
 6 SYSTEMPATH\CodeIgniter.php(927): App\Controllers\Pessoas->index()
 7 SYSTEMPATH\CodeIgniter.php(482): CodeIgniter\CodeIgniter->runController(Object(App\Controllers\Pessoas))
 8 SYSTEMPATH\CodeIgniter.php(351): CodeIgniter\CodeIgniter->handleRequest(null, Object(Config\Cache), false)
 9 FCPATH\index.php(67): CodeIgniter\CodeIgniter->run()
CRITICAL - 2022-11-11 23:31:45 --> Attempt to read property "id" on null
in APPPATH\Views\pessoas_detalhes.php on line 21.
 1 APPPATH\Views\pessoas_detalhes.php(21): CodeIgniter\Debug\Exceptions->errorHandler(2, 'Attempt to read property "id" on null', 'APPPATH\\Views\\pessoas_detalhes.php', 21)
 2 SYSTEMPATH\View\View.php(213): include('APPPATH\\Views\\pessoas_detalhes.php')
 3 SYSTEMPATH\View\View.php(216): CodeIgniter\View\View->CodeIgniter\View\{closure}()
 4 SYSTEMPATH\Common.php(1134): CodeIgniter\View\View->render('pessoas_detalhes', [], true)
 5 APPPATH\Controllers\Pessoas.php(12): view('pessoas_detalhes', [...])
 6 SYSTEMPATH\CodeIgniter.php(927): App\Controllers\Pessoas->index()
 7 SYSTEMPATH\CodeIgniter.php(482): CodeIgniter\CodeIgniter->runController(Object(App\Controllers\Pessoas))
 8 SYSTEMPATH\CodeIgniter.php(351): CodeIgniter\CodeIgniter->handleRequest(null, Object(Config\Cache), false)
 9 FCPATH\index.php(67): CodeIgniter\CodeIgniter->run()
CRITICAL - 2022-11-11 23:34:49 --> Attempt to read property "id" on null
in APPPATH\Views\pessoas_detalhes.php on line 21.
 1 APPPATH\Views\pessoas_detalhes.php(21): CodeIgniter\Debug\Exceptions->errorHandler(2, 'Attempt to read property "id" on null', 'APPPATH\\Views\\pessoas_detalhes.php', 21)
 2 SYSTEMPATH\View\View.php(213): include('APPPATH\\Views\\pessoas_detalhes.php')
 3 SYSTEMPATH\View\View.php(216): CodeIgniter\View\View->CodeIgniter\View\{closure}()
 4 SYSTEMPATH\Common.php(1134): CodeIgniter\View\View->render('pessoas_detalhes', [], true)
 5 APPPATH\Controllers\Pessoas.php(13): view('pessoas_detalhes', [...])
 6 SYSTEMPATH\CodeIgniter.php(927): App\Controllers\Pessoas->index()
 7 SYSTEMPATH\CodeIgniter.php(482): CodeIgniter\CodeIgniter->runController(Object(App\Controllers\Pessoas))
 8 SYSTEMPATH\CodeIgniter.php(351): CodeIgniter\CodeIgniter->handleRequest(null, Object(Config\Cache), false)
 9 FCPATH\index.php(67): CodeIgniter\CodeIgniter->run()
CRITICAL - 2022-11-11 23:39:41 --> Object of class App\Models\PessoasModel could not be converted to string
in APPPATH\Views\pessoas_detalhes.php on line 7.
 1 SYSTEMPATH\View\View.php(213): include()
 2 SYSTEMPATH\View\View.php(216): CodeIgniter\View\View->CodeIgniter\View\{closure}()
 3 SYSTEMPATH\Common.php(1134): CodeIgniter\View\View->render('pessoas_detalhes', [], true)
 4 APPPATH\Controllers\Pessoas.php(13): view('pessoas_detalhes', [...])
 5 SYSTEMPATH\CodeIgniter.php(927): App\Controllers\Pessoas->index()
 6 SYSTEMPATH\CodeIgniter.php(482): CodeIgniter\CodeIgniter->runController(Object(App\Controllers\Pessoas))
 7 SYSTEMPATH\CodeIgniter.php(351): CodeIgniter\CodeIgniter->handleRequest(null, Object(Config\Cache), false)
 8 FCPATH\index.php(67): CodeIgniter\CodeIgniter->run()
CRITICAL - 2022-11-11 23:41:27 --> Undefined variable $pessoas
in APPPATH\Views\pessoas_detalhes.php on line 7.
 1 APPPATH\Views\pessoas_detalhes.php(7): CodeIgniter\Debug\Exceptions->errorHandler(2, 'Undefined variable $pessoas', 'APPPATH\\Views\\pessoas_detalhes.php', 7)
 2 SYSTEMPATH\View\View.php(213): include('APPPATH\\Views\\pessoas_detalhes.php')
 3 SYSTEMPATH\View\View.php(216): CodeIgniter\View\View->CodeIgniter\View\{closure}()
 4 SYSTEMPATH\Common.php(1134): CodeIgniter\View\View->render('pessoas_detalhes', [], true)
 5 APPPATH\Controllers\Pessoas.php(13): view('pessoas_detalhes', [...])
 6 SYSTEMPATH\CodeIgniter.php(927): App\Controllers\Pessoas->index()
 7 SYSTEMPATH\CodeIgniter.php(482): CodeIgniter\CodeIgniter->runController(Object(App\Controllers\Pessoas))
 8 SYSTEMPATH\CodeIgniter.php(351): CodeIgniter\CodeIgniter->handleRequest(null, Object(Config\Cache), false)
 9 FCPATH\index.php(67): CodeIgniter\CodeIgniter->run()
CRITICAL - 2022-11-11 23:41:44 --> Object of class App\Models\PessoasModel could not be converted to string
in APPPATH\Views\pessoas_detalhes.php on line 7.
 1 SYSTEMPATH\View\View.php(213): include()
 2 SYSTEMPATH\View\View.php(216): CodeIgniter\View\View->CodeIgniter\View\{closure}()
 3 SYSTEMPATH\Common.php(1134): CodeIgniter\View\View->render('pessoas_detalhes', [], true)
 4 APPPATH\Controllers\Pessoas.php(13): view('pessoas_detalhes', [...])
 5 SYSTEMPATH\CodeIgniter.php(927): App\Controllers\Pessoas->index()
 6 SYSTEMPATH\CodeIgniter.php(482): CodeIgniter\CodeIgniter->runController(Object(App\Controllers\Pessoas))
 7 SYSTEMPATH\CodeIgniter.php(351): CodeIgniter\CodeIgniter->handleRequest(null, Object(Config\Cache), false)
 8 FCPATH\index.php(67): CodeIgniter\CodeIgniter->run()
CRITICAL - 2022-11-11 23:43:02 --> Array to string conversion
in APPPATH\Views\pessoas_detalhes.php on line 7.
 1 APPPATH\Views\pessoas_detalhes.php(7): CodeIgniter\Debug\Exceptions->errorHandler(2, 'Array to string conversion', 'APPPATH\\Views\\pessoas_detalhes.php', 7)
 2 SYSTEMPATH\View\View.php(213): include('APPPATH\\Views\\pessoas_detalhes.php')
 3 SYSTEMPATH\View\View.php(216): CodeIgniter\View\View->CodeIgniter\View\{closure}()
 4 SYSTEMPATH\Common.php(1134): CodeIgniter\View\View->render('pessoas_detalhes', [], true)
 5 APPPATH\Controllers\Pessoas.php(13): view('pessoas_detalhes', [...])
 6 SYSTEMPATH\CodeIgniter.php(927): App\Controllers\Pessoas->index()
 7 SYSTEMPATH\CodeIgniter.php(482): CodeIgniter\CodeIgniter->runController(Object(App\Controllers\Pessoas))
 8 SYSTEMPATH\CodeIgniter.php(351): CodeIgniter\CodeIgniter->handleRequest(null, Object(Config\Cache), false)
 9 FCPATH\index.php(67): CodeIgniter\CodeIgniter->run()
CRITICAL - 2022-11-11 23:44:35 --> Array to string conversion
in APPPATH\Views\pessoas_detalhes.php on line 7.
 1 APPPATH\Views\pessoas_detalhes.php(7): CodeIgniter\Debug\Exceptions->errorHandler(2, 'Array to string conversion', 'APPPATH\\Views\\pessoas_detalhes.php', 7)
 2 SYSTEMPATH\View\View.php(213): include('APPPATH\\Views\\pessoas_detalhes.php')
 3 SYSTEMPATH\View\View.php(216): CodeIgniter\View\View->CodeIgniter\View\{closure}()
 4 SYSTEMPATH\Common.php(1134): CodeIgniter\View\View->render('pessoas_detalhes', [], true)
 5 APPPATH\Controllers\Pessoas.php(13): view('pessoas_detalhes', [...])
 6 SYSTEMPATH\CodeIgniter.php(927): App\Controllers\Pessoas->index()
 7 SYSTEMPATH\CodeIgniter.php(482): CodeIgniter\CodeIgniter->runController(Object(App\Controllers\Pessoas))
 8 SYSTEMPATH\CodeIgniter.php(351): CodeIgniter\CodeIgniter->handleRequest(null, Object(Config\Cache), false)
 9 FCPATH\index.php(67): CodeIgniter\CodeIgniter->run()
CRITICAL - 2022-11-11 23:51:05 --> foreach() argument must be of type array|object, string given
in APPPATH\Views\pessoas_detalhes.php on line 19.
 1 APPPATH\Views\pessoas_detalhes.php(19): CodeIgniter\Debug\Exceptions->errorHandler(2, 'foreach() argument must be of type array|object, string given', 'APPPATH\\Views\\pessoas_detalhes.php', 19)
 2 SYSTEMPATH\View\View.php(213): include('APPPATH\\Views\\pessoas_detalhes.php')
 3 SYSTEMPATH\View\View.php(216): CodeIgniter\View\View->CodeIgniter\View\{closure}()
 4 SYSTEMPATH\Common.php(1134): CodeIgniter\View\View->render('pessoas_detalhes', [], true)
 5 APPPATH\Controllers\Pessoas.php(13): view('pessoas_detalhes', [...])
 6 SYSTEMPATH\CodeIgniter.php(927): App\Controllers\Pessoas->index()
 7 SYSTEMPATH\CodeIgniter.php(482): CodeIgniter\CodeIgniter->runController(Object(App\Controllers\Pessoas))
 8 SYSTEMPATH\CodeIgniter.php(351): CodeIgniter\CodeIgniter->handleRequest(null, Object(Config\Cache), false)
 9 FCPATH\index.php(67): CodeIgniter\CodeIgniter->run()
CRITICAL - 2022-11-11 23:59:27 --> foreach() argument must be of type array|object, string given
in APPPATH\Views\pessoas_detalhes.php on line 19.
 1 APPPATH\Views\pessoas_detalhes.php(19): CodeIgniter\Debug\Exceptions->errorHandler(2, 'foreach() argument must be of type array|object, string given', 'APPPATH\\Views\\pessoas_detalhes.php', 19)
 2 SYSTEMPATH\View\View.php(213): include('APPPATH\\Views\\pessoas_detalhes.php')
 3 SYSTEMPATH\View\View.php(216): CodeIgniter\View\View->CodeIgniter\View\{closure}()
 4 SYSTEMPATH\Common.php(1134): CodeIgniter\View\View->render('pessoas_detalhes', [], true)
 5 APPPATH\Controllers\Pessoas.php(13): view('pessoas_detalhes', [...])
 6 SYSTEMPATH\CodeIgniter.php(927): App\Controllers\Pessoas->index()
 7 SYSTEMPATH\CodeIgniter.php(482): CodeIgniter\CodeIgniter->runController(Object(App\Controllers\Pessoas))
 8 SYSTEMPATH\CodeIgniter.php(351): CodeIgniter\CodeIgniter->handleRequest(null, Object(Config\Cache), false)
 9 FCPATH\index.php(67): CodeIgniter\CodeIgniter->run()
