ERROR - 2022-11-14 13:51:57 --> mysqli_sql_exception: Unknown column 'razaosocial' in 'where clause' in C:\xampp\htdocs\codeigniter\system\Database\MySQLi\Connection.php:292
Stack trace:
#0 C:\xampp\htdocs\codeigniter\system\Database\MySQLi\Connection.php(292): mysqli->query('SELECT 1\nFROM `...', 0)
#1 C:\xampp\htdocs\codeigniter\system\Database\BaseConnection.php(666): CodeIgniter\Database\MySQLi\Connection->execute('SELECT 1\nFROM `...')
#2 C:\xampp\htdocs\codeigniter\system\Database\BaseConnection.php(593): CodeIgniter\Database\BaseConnection->simpleQuery('SELECT 1\nFROM `...')
#3 C:\xampp\htdocs\codeigniter\system\Database\BaseBuilder.php(1585): CodeIgniter\Database\BaseConnection->query('SELECT 1\nFROM `...', Array, false)
#4 C:\xampp\htdocs\codeigniter\system\Validation\Rules.php(142): CodeIgniter\Database\BaseBuilder->get()
#5 C:\xampp\htdocs\codeigniter\system\Validation\Validation.php(315): CodeIgniter\Validation\Rules->is_unique('Rodrigo', 'razaosocial', Array, NULL, 'nomepessoa')
#6 C:\xampp\htdocs\codeigniter\system\Validation\Validation.php(175): CodeIgniter\Validation\Validation->processRules('nomepessoa', 'nomepessoa', 'Rodrigo', Array, Array)
#7 C:\xampp\htdocs\codeigniter\system\BaseModel.php(1371): CodeIgniter\Validation\Validation->run(Array, NULL, NULL)
#8 C:\xampp\htdocs\codeigniter\system\BaseModel.php(712): CodeIgniter\BaseModel->validate(Array)
#9 C:\xampp\htdocs\codeigniter\system\Model.php(667): CodeIgniter\BaseModel->insert(Array, true)
#10 C:\xampp\htdocs\codeigniter\app\Controllers\Fisica.php(44): CodeIgniter\Model->insert()
#11 C:\xampp\htdocs\codeigniter\system\CodeIgniter.php(927): App\Controllers\Fisica->inserir()
#12 C:\xampp\htdocs\codeigniter\system\CodeIgniter.php(482): CodeIgniter\CodeIgniter->runController(Object(App\Controllers\Fisica))
#13 C:\xampp\htdocs\codeigniter\system\CodeIgniter.php(351): CodeIgniter\CodeIgniter->handleRequest(NULL, Object(Config\Cache), false)
#14 C:\xampp\htdocs\codeigniter\public\index.php(67): CodeIgniter\CodeIgniter->run()
#15 {main}
CRITICAL - 2022-11-14 13:51:57 --> Unknown column 'razaosocial' in 'where clause'
in SYSTEMPATH\Database\MySQLi\Connection.php on line 292.
 1 SYSTEMPATH\Database\MySQLi\Connection.php(292): mysqli->query('SELECT 1
FROM `produto`
WHERE `razaosocial` = \'Rodrigo\'
 LIMIT 1', 0)
 2 SYSTEMPATH\Database\BaseConnection.php(666): CodeIgniter\Database\MySQLi\Connection->execute('SELECT 1
FROM `produto`
WHERE `razaosocial` = \'Rodrigo\'
 LIMIT 1')
 3 SYSTEMPATH\Database\BaseConnection.php(593): CodeIgniter\Database\BaseConnection->simpleQuery('SELECT 1
FROM `produto`
WHERE `razaosocial` = \'Rodrigo\'
 LIMIT 1')
 4 SYSTEMPATH\Database\BaseBuilder.php(1585): CodeIgniter\Database\BaseConnection->query('SELECT 1
FROM `produto`
WHERE `razaosocial` = :razaosocial:
 LIMIT 1', [...], false)
 5 SYSTEMPATH\Validation\Rules.php(142): CodeIgniter\Database\BaseBuilder->get()
 6 SYSTEMPATH\Validation\Validation.php(315): CodeIgniter\Validation\Rules->is_unique('Rodrigo', 'razaosocial', [...], null, 'nomepessoa')
 7 SYSTEMPATH\Validation\Validation.php(175): CodeIgniter\Validation\Validation->processRules('nomepessoa', 'nomepessoa', 'Rodrigo', [...], [...])
 8 SYSTEMPATH\BaseModel.php(1371): CodeIgniter\Validation\Validation->run([...], null, null)
 9 SYSTEMPATH\BaseModel.php(712): CodeIgniter\BaseModel->validate([...])
10 SYSTEMPATH\Model.php(667): CodeIgniter\BaseModel->insert([...], true)
11 APPPATH\Controllers\Fisica.php(44): CodeIgniter\Model->insert()
12 SYSTEMPATH\CodeIgniter.php(927): App\Controllers\Fisica->inserir()
13 SYSTEMPATH\CodeIgniter.php(482): CodeIgniter\CodeIgniter->runController(Object(App\Controllers\Fisica))
14 SYSTEMPATH\CodeIgniter.php(351): CodeIgniter\CodeIgniter->handleRequest(null, Object(Config\Cache), false)
15 FCPATH\index.php(67): CodeIgniter\CodeIgniter->run()
ERROR - 2022-11-14 13:52:49 --> mysqli_sql_exception: Unknown column 'razaosocial' in 'where clause' in C:\xampp\htdocs\codeigniter\system\Database\MySQLi\Connection.php:292
Stack trace:
#0 C:\xampp\htdocs\codeigniter\system\Database\MySQLi\Connection.php(292): mysqli->query('SELECT 1\nFROM `...', 0)
#1 C:\xampp\htdocs\codeigniter\system\Database\BaseConnection.php(666): CodeIgniter\Database\MySQLi\Connection->execute('SELECT 1\nFROM `...')
#2 C:\xampp\htdocs\codeigniter\system\Database\BaseConnection.php(593): CodeIgniter\Database\BaseConnection->simpleQuery('SELECT 1\nFROM `...')
#3 C:\xampp\htdocs\codeigniter\system\Database\BaseBuilder.php(1585): CodeIgniter\Database\BaseConnection->query('SELECT 1\nFROM `...', Array, false)
#4 C:\xampp\htdocs\codeigniter\system\Validation\Rules.php(142): CodeIgniter\Database\BaseBuilder->get()
#5 C:\xampp\htdocs\codeigniter\system\Validation\Validation.php(315): CodeIgniter\Validation\Rules->is_unique('Rodrigo', 'razaosocial', Array, NULL, 'nomepessoa')
#6 C:\xampp\htdocs\codeigniter\system\Validation\Validation.php(175): CodeIgniter\Validation\Validation->processRules('nomepessoa', 'nomepessoa', 'Rodrigo', Array, Array)
#7 C:\xampp\htdocs\codeigniter\system\BaseModel.php(1371): CodeIgniter\Validation\Validation->run(Array, NULL, NULL)
#8 C:\xampp\htdocs\codeigniter\system\BaseModel.php(712): CodeIgniter\BaseModel->validate(Array)
#9 C:\xampp\htdocs\codeigniter\system\Model.php(667): CodeIgniter\BaseModel->insert(Array, true)
#10 C:\xampp\htdocs\codeigniter\app\Controllers\Fisica.php(44): CodeIgniter\Model->insert()
#11 C:\xampp\htdocs\codeigniter\system\CodeIgniter.php(927): App\Controllers\Fisica->inserir()
#12 C:\xampp\htdocs\codeigniter\system\CodeIgniter.php(482): CodeIgniter\CodeIgniter->runController(Object(App\Controllers\Fisica))
#13 C:\xampp\htdocs\codeigniter\system\CodeIgniter.php(351): CodeIgniter\CodeIgniter->handleRequest(NULL, Object(Config\Cache), false)
#14 C:\xampp\htdocs\codeigniter\public\index.php(67): CodeIgniter\CodeIgniter->run()
#15 {main}
CRITICAL - 2022-11-14 13:52:49 --> Unknown column 'razaosocial' in 'where clause'
in SYSTEMPATH\Database\MySQLi\Connection.php on line 292.
 1 SYSTEMPATH\Database\MySQLi\Connection.php(292): mysqli->query('SELECT 1
FROM `produto`
WHERE `razaosocial` = \'Rodrigo\'
 LIMIT 1', 0)
 2 SYSTEMPATH\Database\BaseConnection.php(666): CodeIgniter\Database\MySQLi\Connection->execute('SELECT 1
FROM `produto`
WHERE `razaosocial` = \'Rodrigo\'
 LIMIT 1')
 3 SYSTEMPATH\Database\BaseConnection.php(593): CodeIgniter\Database\BaseConnection->simpleQuery('SELECT 1
FROM `produto`
WHERE `razaosocial` = \'Rodrigo\'
 LIMIT 1')
 4 SYSTEMPATH\Database\BaseBuilder.php(1585): CodeIgniter\Database\BaseConnection->query('SELECT 1
FROM `produto`
WHERE `razaosocial` = :razaosocial:
 LIMIT 1', [...], false)
 5 SYSTEMPATH\Validation\Rules.php(142): CodeIgniter\Database\BaseBuilder->get()
 6 SYSTEMPATH\Validation\Validation.php(315): CodeIgniter\Validation\Rules->is_unique('Rodrigo', 'razaosocial', [...], null, 'nomepessoa')
 7 SYSTEMPATH\Validation\Validation.php(175): CodeIgniter\Validation\Validation->processRules('nomepessoa', 'nomepessoa', 'Rodrigo', [...], [...])
 8 SYSTEMPATH\BaseModel.php(1371): CodeIgniter\Validation\Validation->run([...], null, null)
 9 SYSTEMPATH\BaseModel.php(712): CodeIgniter\BaseModel->validate([...])
10 SYSTEMPATH\Model.php(667): CodeIgniter\BaseModel->insert([...], true)
11 APPPATH\Controllers\Fisica.php(44): CodeIgniter\Model->insert()
12 SYSTEMPATH\CodeIgniter.php(927): App\Controllers\Fisica->inserir()
13 SYSTEMPATH\CodeIgniter.php(482): CodeIgniter\CodeIgniter->runController(Object(App\Controllers\Fisica))
14 SYSTEMPATH\CodeIgniter.php(351): CodeIgniter\CodeIgniter->handleRequest(null, Object(Config\Cache), false)
15 FCPATH\index.php(67): CodeIgniter\CodeIgniter->run()
ERROR - 2022-11-14 13:56:33 --> mysqli_sql_exception: Unknown column 'razaosocial' in 'where clause' in C:\xampp\htdocs\codeigniter\system\Database\MySQLi\Connection.php:292
Stack trace:
#0 C:\xampp\htdocs\codeigniter\system\Database\MySQLi\Connection.php(292): mysqli->query('SELECT 1\nFROM `...', 0)
#1 C:\xampp\htdocs\codeigniter\system\Database\BaseConnection.php(666): CodeIgniter\Database\MySQLi\Connection->execute('SELECT 1\nFROM `...')
#2 C:\xampp\htdocs\codeigniter\system\Database\BaseConnection.php(593): CodeIgniter\Database\BaseConnection->simpleQuery('SELECT 1\nFROM `...')
#3 C:\xampp\htdocs\codeigniter\system\Database\BaseBuilder.php(1585): CodeIgniter\Database\BaseConnection->query('SELECT 1\nFROM `...', Array, false)
#4 C:\xampp\htdocs\codeigniter\system\Validation\Rules.php(142): CodeIgniter\Database\BaseBuilder->get()
#5 C:\xampp\htdocs\codeigniter\system\Validation\Validation.php(315): CodeIgniter\Validation\Rules->is_unique('Rodrigo', 'razaosocial', Array, NULL, 'nomepessoa')
#6 C:\xampp\htdocs\codeigniter\system\Validation\Validation.php(175): CodeIgniter\Validation\Validation->processRules('nomepessoa', 'nomepessoa', 'Rodrigo', Array, Array)
#7 C:\xampp\htdocs\codeigniter\system\BaseModel.php(1371): CodeIgniter\Validation\Validation->run(Array, NULL, NULL)
#8 C:\xampp\htdocs\codeigniter\system\BaseModel.php(712): CodeIgniter\BaseModel->validate(Array)
#9 C:\xampp\htdocs\codeigniter\system\Model.php(667): CodeIgniter\BaseModel->insert(Array, true)
#10 C:\xampp\htdocs\codeigniter\app\Controllers\Fisica.php(44): CodeIgniter\Model->insert()
#11 C:\xampp\htdocs\codeigniter\system\CodeIgniter.php(927): App\Controllers\Fisica->inserir()
#12 C:\xampp\htdocs\codeigniter\system\CodeIgniter.php(482): CodeIgniter\CodeIgniter->runController(Object(App\Controllers\Fisica))
#13 C:\xampp\htdocs\codeigniter\system\CodeIgniter.php(351): CodeIgniter\CodeIgniter->handleRequest(NULL, Object(Config\Cache), false)
#14 C:\xampp\htdocs\codeigniter\public\index.php(67): CodeIgniter\CodeIgniter->run()
#15 {main}
CRITICAL - 2022-11-14 13:56:33 --> Unknown column 'razaosocial' in 'where clause'
in SYSTEMPATH\Database\MySQLi\Connection.php on line 292.
 1 SYSTEMPATH\Database\MySQLi\Connection.php(292): mysqli->query('SELECT 1
FROM `produto`
WHERE `razaosocial` = \'Rodrigo\'
 LIMIT 1', 0)
 2 SYSTEMPATH\Database\BaseConnection.php(666): CodeIgniter\Database\MySQLi\Connection->execute('SELECT 1
FROM `produto`
WHERE `razaosocial` = \'Rodrigo\'
 LIMIT 1')
 3 SYSTEMPATH\Database\BaseConnection.php(593): CodeIgniter\Database\BaseConnection->simpleQuery('SELECT 1
FROM `produto`
WHERE `razaosocial` = \'Rodrigo\'
 LIMIT 1')
 4 SYSTEMPATH\Database\BaseBuilder.php(1585): CodeIgniter\Database\BaseConnection->query('SELECT 1
FROM `produto`
WHERE `razaosocial` = :razaosocial:
 LIMIT 1', [...], false)
 5 SYSTEMPATH\Validation\Rules.php(142): CodeIgniter\Database\BaseBuilder->get()
 6 SYSTEMPATH\Validation\Validation.php(315): CodeIgniter\Validation\Rules->is_unique('Rodrigo', 'razaosocial', [...], null, 'nomepessoa')
 7 SYSTEMPATH\Validation\Validation.php(175): CodeIgniter\Validation\Validation->processRules('nomepessoa', 'nomepessoa', 'Rodrigo', [...], [...])
 8 SYSTEMPATH\BaseModel.php(1371): CodeIgniter\Validation\Validation->run([...], null, null)
 9 SYSTEMPATH\BaseModel.php(712): CodeIgniter\BaseModel->validate([...])
10 SYSTEMPATH\Model.php(667): CodeIgniter\BaseModel->insert([...], true)
11 APPPATH\Controllers\Fisica.php(44): CodeIgniter\Model->insert()
12 SYSTEMPATH\CodeIgniter.php(927): App\Controllers\Fisica->inserir()
13 SYSTEMPATH\CodeIgniter.php(482): CodeIgniter\CodeIgniter->runController(Object(App\Controllers\Fisica))
14 SYSTEMPATH\CodeIgniter.php(351): CodeIgniter\CodeIgniter->handleRequest(null, Object(Config\Cache), false)
15 FCPATH\index.php(67): CodeIgniter\CodeIgniter->run()
ERROR - 2022-11-14 13:58:47 --> mysqli_sql_exception: Unknown column 'razaosocial' in 'where clause' in C:\xampp\htdocs\codeigniter\system\Database\MySQLi\Connection.php:292
Stack trace:
#0 C:\xampp\htdocs\codeigniter\system\Database\MySQLi\Connection.php(292): mysqli->query('SELECT 1\nFROM `...', 0)
#1 C:\xampp\htdocs\codeigniter\system\Database\BaseConnection.php(666): CodeIgniter\Database\MySQLi\Connection->execute('SELECT 1\nFROM `...')
#2 C:\xampp\htdocs\codeigniter\system\Database\BaseConnection.php(593): CodeIgniter\Database\BaseConnection->simpleQuery('SELECT 1\nFROM `...')
#3 C:\xampp\htdocs\codeigniter\system\Database\BaseBuilder.php(1585): CodeIgniter\Database\BaseConnection->query('SELECT 1\nFROM `...', Array, false)
#4 C:\xampp\htdocs\codeigniter\system\Validation\Rules.php(142): CodeIgniter\Database\BaseBuilder->get()
#5 C:\xampp\htdocs\codeigniter\system\Validation\Validation.php(315): CodeIgniter\Validation\Rules->is_unique('Rodrigo', 'razaosocial', Array, NULL, 'nomepessoa')
#6 C:\xampp\htdocs\codeigniter\system\Validation\Validation.php(175): CodeIgniter\Validation\Validation->processRules('nomepessoa', 'nomepessoa', 'Rodrigo', Array, Array)
#7 C:\xampp\htdocs\codeigniter\system\BaseModel.php(1371): CodeIgniter\Validation\Validation->run(Array, NULL, NULL)
#8 C:\xampp\htdocs\codeigniter\system\BaseModel.php(712): CodeIgniter\BaseModel->validate(Array)
#9 C:\xampp\htdocs\codeigniter\system\Model.php(667): CodeIgniter\BaseModel->insert(Array, true)
#10 C:\xampp\htdocs\codeigniter\app\Controllers\Fisica.php(44): CodeIgniter\Model->insert()
#11 C:\xampp\htdocs\codeigniter\system\CodeIgniter.php(927): App\Controllers\Fisica->inserir()
#12 C:\xampp\htdocs\codeigniter\system\CodeIgniter.php(482): CodeIgniter\CodeIgniter->runController(Object(App\Controllers\Fisica))
#13 C:\xampp\htdocs\codeigniter\system\CodeIgniter.php(351): CodeIgniter\CodeIgniter->handleRequest(NULL, Object(Config\Cache), false)
#14 C:\xampp\htdocs\codeigniter\public\index.php(67): CodeIgniter\CodeIgniter->run()
#15 {main}
CRITICAL - 2022-11-14 13:58:47 --> Unknown column 'razaosocial' in 'where clause'
in SYSTEMPATH\Database\MySQLi\Connection.php on line 292.
 1 SYSTEMPATH\Database\MySQLi\Connection.php(292): mysqli->query('SELECT 1
FROM `produto`
WHERE `razaosocial` = \'Rodrigo\'
 LIMIT 1', 0)
 2 SYSTEMPATH\Database\BaseConnection.php(666): CodeIgniter\Database\MySQLi\Connection->execute('SELECT 1
FROM `produto`
WHERE `razaosocial` = \'Rodrigo\'
 LIMIT 1')
 3 SYSTEMPATH\Database\BaseConnection.php(593): CodeIgniter\Database\BaseConnection->simpleQuery('SELECT 1
FROM `produto`
WHERE `razaosocial` = \'Rodrigo\'
 LIMIT 1')
 4 SYSTEMPATH\Database\BaseBuilder.php(1585): CodeIgniter\Database\BaseConnection->query('SELECT 1
FROM `produto`
WHERE `razaosocial` = :razaosocial:
 LIMIT 1', [...], false)
 5 SYSTEMPATH\Validation\Rules.php(142): CodeIgniter\Database\BaseBuilder->get()
 6 SYSTEMPATH\Validation\Validation.php(315): CodeIgniter\Validation\Rules->is_unique('Rodrigo', 'razaosocial', [...], null, 'nomepessoa')
 7 SYSTEMPATH\Validation\Validation.php(175): CodeIgniter\Validation\Validation->processRules('nomepessoa', 'nomepessoa', 'Rodrigo', [...], [...])
 8 SYSTEMPATH\BaseModel.php(1371): CodeIgniter\Validation\Validation->run([...], null, null)
 9 SYSTEMPATH\BaseModel.php(712): CodeIgniter\BaseModel->validate([...])
10 SYSTEMPATH\Model.php(667): CodeIgniter\BaseModel->insert([...], true)
11 APPPATH\Controllers\Fisica.php(44): CodeIgniter\Model->insert()
12 SYSTEMPATH\CodeIgniter.php(927): App\Controllers\Fisica->inserir()
13 SYSTEMPATH\CodeIgniter.php(482): CodeIgniter\CodeIgniter->runController(Object(App\Controllers\Fisica))
14 SYSTEMPATH\CodeIgniter.php(351): CodeIgniter\CodeIgniter->handleRequest(null, Object(Config\Cache), false)
15 FCPATH\index.php(67): CodeIgniter\CodeIgniter->run()
CRITICAL - 2022-11-14 14:17:04 --> Undefined variable $comboPessoas
in APPPATH\Views\produtos_form.php on line 33.
 1 APPPATH\Views\produtos_form.php(33): CodeIgniter\Debug\Exceptions->errorHandler(2, 'Undefined variable $comboPessoas', 'APPPATH\\Views\\produtos_form.php', 33)
 2 SYSTEMPATH\View\View.php(213): include('APPPATH\\Views\\produtos_form.php')
 3 SYSTEMPATH\View\View.php(216): CodeIgniter\View\View->CodeIgniter\View\{closure}()
 4 SYSTEMPATH\Common.php(1134): CodeIgniter\View\View->render('produtos_form', [], true)
 5 APPPATH\Controllers\Produtos.php(89): view('produtos_form', [...])
 6 SYSTEMPATH\CodeIgniter.php(927): App\Controllers\Produtos->inserir()
 7 SYSTEMPATH\CodeIgniter.php(482): CodeIgniter\CodeIgniter->runController(Object(App\Controllers\Produtos))
 8 SYSTEMPATH\CodeIgniter.php(351): CodeIgniter\CodeIgniter->handleRequest(null, Object(Config\Cache), false)
 9 FCPATH\index.php(67): CodeIgniter\CodeIgniter->run()
CRITICAL - 2022-11-14 14:19:45 --> Array to string conversion
in APPPATH\Views\produtos_form.php on line 31.
 1 APPPATH\Views\produtos_form.php(31): CodeIgniter\Debug\Exceptions->errorHandler(2, 'Array to string conversion', 'APPPATH\\Views\\produtos_form.php', 31)
 2 SYSTEMPATH\View\View.php(213): include('APPPATH\\Views\\produtos_form.php')
 3 SYSTEMPATH\View\View.php(216): CodeIgniter\View\View->CodeIgniter\View\{closure}()
 4 SYSTEMPATH\Common.php(1134): CodeIgniter\View\View->render('produtos_form', [], true)
 5 APPPATH\Controllers\Produtos.php(89): view('produtos_form', [...])
 6 SYSTEMPATH\CodeIgniter.php(927): App\Controllers\Produtos->inserir()
 7 SYSTEMPATH\CodeIgniter.php(482): CodeIgniter\CodeIgniter->runController(Object(App\Controllers\Produtos))
 8 SYSTEMPATH\CodeIgniter.php(351): CodeIgniter\CodeIgniter->handleRequest(null, Object(Config\Cache), false)
 9 FCPATH\index.php(67): CodeIgniter\CodeIgniter->run()
ERROR - 2022-11-14 14:23:43 --> mysqli_sql_exception: Cannot add or update a child row: a foreign key constraint fails (`cadastro_pedido`.`produto`, CONSTRAINT `fk_produto_pessoa` FOREIGN KEY (`pessoa_id`) REFERENCES `pessoa` (`id`)) in C:\xampp\htdocs\codeigniter\system\Database\MySQLi\Connection.php:292
Stack trace:
#0 C:\xampp\htdocs\codeigniter\system\Database\MySQLi\Connection.php(292): mysqli->query('INSERT INTO `pr...', 0)
#1 C:\xampp\htdocs\codeigniter\system\Database\BaseConnection.php(666): CodeIgniter\Database\MySQLi\Connection->execute('INSERT INTO `pr...')
#2 C:\xampp\htdocs\codeigniter\system\Database\BaseConnection.php(593): CodeIgniter\Database\BaseConnection->simpleQuery('INSERT INTO `pr...')
#3 C:\xampp\htdocs\codeigniter\system\Database\BaseBuilder.php(1916): CodeIgniter\Database\BaseConnection->query('INSERT INTO `pr...', Array, false)
#4 C:\xampp\htdocs\codeigniter\system\Model.php(279): CodeIgniter\Database\BaseBuilder->insert()
#5 C:\xampp\htdocs\codeigniter\system\BaseModel.php(749): CodeIgniter\Model->doInsert(Array)
#6 C:\xampp\htdocs\codeigniter\system\Model.php(667): CodeIgniter\BaseModel->insert(Array, true)
#7 C:\xampp\htdocs\codeigniter\app\Controllers\Produtos.php(61): CodeIgniter\Model->insert(Array)
#8 C:\xampp\htdocs\codeigniter\system\CodeIgniter.php(927): App\Controllers\Produtos->inserir()
#9 C:\xampp\htdocs\codeigniter\system\CodeIgniter.php(482): CodeIgniter\CodeIgniter->runController(Object(App\Controllers\Produtos))
#10 C:\xampp\htdocs\codeigniter\system\CodeIgniter.php(351): CodeIgniter\CodeIgniter->handleRequest(NULL, Object(Config\Cache), false)
#11 C:\xampp\htdocs\codeigniter\public\index.php(67): CodeIgniter\CodeIgniter->run()
#12 {main}
CRITICAL - 2022-11-14 14:23:43 --> Cannot add or update a child row: a foreign key constraint fails (`cadastro_pedido`.`produto`, CONSTRAINT `fk_produto_pessoa` FOREIGN KEY (`pessoa_id`) REFERENCES `pessoa` (`id`))
in SYSTEMPATH\Database\MySQLi\Connection.php on line 292.
 1 SYSTEMPATH\Database\MySQLi\Connection.php(292): mysqli->query('INSERT INTO `produto` (`nomeproduto`, `valor`) VALUES (\'Teclado\', \'20\')', 0)
 2 SYSTEMPATH\Database\BaseConnection.php(666): CodeIgniter\Database\MySQLi\Connection->execute('INSERT INTO `produto` (`nomeproduto`, `valor`) VALUES (\'Teclado\', \'20\')')
 3 SYSTEMPATH\Database\BaseConnection.php(593): CodeIgniter\Database\BaseConnection->simpleQuery('INSERT INTO `produto` (`nomeproduto`, `valor`) VALUES (\'Teclado\', \'20\')')
 4 SYSTEMPATH\Database\BaseBuilder.php(1916): CodeIgniter\Database\BaseConnection->query('INSERT INTO `produto` (`nomeproduto`, `valor`) VALUES (:nomeproduto:, :valor:)', [...], false)
 5 SYSTEMPATH\Model.php(279): CodeIgniter\Database\BaseBuilder->insert()
 6 SYSTEMPATH\BaseModel.php(749): CodeIgniter\Model->doInsert([...])
 7 SYSTEMPATH\Model.php(667): CodeIgniter\BaseModel->insert([...], true)
 8 APPPATH\Controllers\Produtos.php(61): CodeIgniter\Model->insert([...])
 9 SYSTEMPATH\CodeIgniter.php(927): App\Controllers\Produtos->inserir()
10 SYSTEMPATH\CodeIgniter.php(482): CodeIgniter\CodeIgniter->runController(Object(App\Controllers\Produtos))
11 SYSTEMPATH\CodeIgniter.php(351): CodeIgniter\CodeIgniter->handleRequest(null, Object(Config\Cache), false)
12 FCPATH\index.php(67): CodeIgniter\CodeIgniter->run()
ERROR - 2022-11-14 14:25:29 --> mysqli_sql_exception: Cannot add or update a child row: a foreign key constraint fails (`cadastro_pedido`.`produto`, CONSTRAINT `fk_produto_pessoa` FOREIGN KEY (`pessoa_id`) REFERENCES `pessoa` (`id`)) in C:\xampp\htdocs\codeigniter\system\Database\MySQLi\Connection.php:292
Stack trace:
#0 C:\xampp\htdocs\codeigniter\system\Database\MySQLi\Connection.php(292): mysqli->query('INSERT INTO `pr...', 0)
#1 C:\xampp\htdocs\codeigniter\system\Database\BaseConnection.php(666): CodeIgniter\Database\MySQLi\Connection->execute('INSERT INTO `pr...')
#2 C:\xampp\htdocs\codeigniter\system\Database\BaseConnection.php(593): CodeIgniter\Database\BaseConnection->simpleQuery('INSERT INTO `pr...')
#3 C:\xampp\htdocs\codeigniter\system\Database\BaseBuilder.php(1916): CodeIgniter\Database\BaseConnection->query('INSERT INTO `pr...', Array, false)
#4 C:\xampp\htdocs\codeigniter\system\Model.php(279): CodeIgniter\Database\BaseBuilder->insert()
#5 C:\xampp\htdocs\codeigniter\system\BaseModel.php(749): CodeIgniter\Model->doInsert(Array)
#6 C:\xampp\htdocs\codeigniter\system\Model.php(667): CodeIgniter\BaseModel->insert(Array, true)
#7 C:\xampp\htdocs\codeigniter\app\Controllers\Produtos.php(61): CodeIgniter\Model->insert(Array)
#8 C:\xampp\htdocs\codeigniter\system\CodeIgniter.php(927): App\Controllers\Produtos->inserir()
#9 C:\xampp\htdocs\codeigniter\system\CodeIgniter.php(482): CodeIgniter\CodeIgniter->runController(Object(App\Controllers\Produtos))
#10 C:\xampp\htdocs\codeigniter\system\CodeIgniter.php(351): CodeIgniter\CodeIgniter->handleRequest(NULL, Object(Config\Cache), false)
#11 C:\xampp\htdocs\codeigniter\public\index.php(67): CodeIgniter\CodeIgniter->run()
#12 {main}
CRITICAL - 2022-11-14 14:25:29 --> Cannot add or update a child row: a foreign key constraint fails (`cadastro_pedido`.`produto`, CONSTRAINT `fk_produto_pessoa` FOREIGN KEY (`pessoa_id`) REFERENCES `pessoa` (`id`))
in SYSTEMPATH\Database\MySQLi\Connection.php on line 292.
 1 SYSTEMPATH\Database\MySQLi\Connection.php(292): mysqli->query('INSERT INTO `produto` (`nomeproduto`, `valor`) VALUES (\'Teclado\', \'20\')', 0)
 2 SYSTEMPATH\Database\BaseConnection.php(666): CodeIgniter\Database\MySQLi\Connection->execute('INSERT INTO `produto` (`nomeproduto`, `valor`) VALUES (\'Teclado\', \'20\')')
 3 SYSTEMPATH\Database\BaseConnection.php(593): CodeIgniter\Database\BaseConnection->simpleQuery('INSERT INTO `produto` (`nomeproduto`, `valor`) VALUES (\'Teclado\', \'20\')')
 4 SYSTEMPATH\Database\BaseBuilder.php(1916): CodeIgniter\Database\BaseConnection->query('INSERT INTO `produto` (`nomeproduto`, `valor`) VALUES (:nomeproduto:, :valor:)', [...], false)
 5 SYSTEMPATH\Model.php(279): CodeIgniter\Database\BaseBuilder->insert()
 6 SYSTEMPATH\BaseModel.php(749): CodeIgniter\Model->doInsert([...])
 7 SYSTEMPATH\Model.php(667): CodeIgniter\BaseModel->insert([...], true)
 8 APPPATH\Controllers\Produtos.php(61): CodeIgniter\Model->insert([...])
 9 SYSTEMPATH\CodeIgniter.php(927): App\Controllers\Produtos->inserir()
10 SYSTEMPATH\CodeIgniter.php(482): CodeIgniter\CodeIgniter->runController(Object(App\Controllers\Produtos))
11 SYSTEMPATH\CodeIgniter.php(351): CodeIgniter\CodeIgniter->handleRequest(null, Object(Config\Cache), false)
12 FCPATH\index.php(67): CodeIgniter\CodeIgniter->run()
ERROR - 2022-11-14 14:25:59 --> mysqli_sql_exception: Cannot add or update a child row: a foreign key constraint fails (`cadastro_pedido`.`produto`, CONSTRAINT `fk_produto_pessoa` FOREIGN KEY (`pessoa_id`) REFERENCES `pessoa` (`id`)) in C:\xampp\htdocs\codeigniter\system\Database\MySQLi\Connection.php:292
Stack trace:
#0 C:\xampp\htdocs\codeigniter\system\Database\MySQLi\Connection.php(292): mysqli->query('INSERT INTO `pr...', 0)
#1 C:\xampp\htdocs\codeigniter\system\Database\BaseConnection.php(666): CodeIgniter\Database\MySQLi\Connection->execute('INSERT INTO `pr...')
#2 C:\xampp\htdocs\codeigniter\system\Database\BaseConnection.php(593): CodeIgniter\Database\BaseConnection->simpleQuery('INSERT INTO `pr...')
#3 C:\xampp\htdocs\codeigniter\system\Database\BaseBuilder.php(1916): CodeIgniter\Database\BaseConnection->query('INSERT INTO `pr...', Array, false)
#4 C:\xampp\htdocs\codeigniter\system\Model.php(279): CodeIgniter\Database\BaseBuilder->insert()
#5 C:\xampp\htdocs\codeigniter\system\BaseModel.php(749): CodeIgniter\Model->doInsert(Array)
#6 C:\xampp\htdocs\codeigniter\system\Model.php(667): CodeIgniter\BaseModel->insert(Array, true)
#7 C:\xampp\htdocs\codeigniter\app\Controllers\Produtos.php(61): CodeIgniter\Model->insert(Array)
#8 C:\xampp\htdocs\codeigniter\system\CodeIgniter.php(927): App\Controllers\Produtos->inserir()
#9 C:\xampp\htdocs\codeigniter\system\CodeIgniter.php(482): CodeIgniter\CodeIgniter->runController(Object(App\Controllers\Produtos))
#10 C:\xampp\htdocs\codeigniter\system\CodeIgniter.php(351): CodeIgniter\CodeIgniter->handleRequest(NULL, Object(Config\Cache), false)
#11 C:\xampp\htdocs\codeigniter\public\index.php(67): CodeIgniter\CodeIgniter->run()
#12 {main}
CRITICAL - 2022-11-14 14:25:59 --> Cannot add or update a child row: a foreign key constraint fails (`cadastro_pedido`.`produto`, CONSTRAINT `fk_produto_pessoa` FOREIGN KEY (`pessoa_id`) REFERENCES `pessoa` (`id`))
in SYSTEMPATH\Database\MySQLi\Connection.php on line 292.
 1 SYSTEMPATH\Database\MySQLi\Connection.php(292): mysqli->query('INSERT INTO `produto` (`nomeproduto`, `valor`) VALUES (\'Teclado\', \'20\')', 0)
 2 SYSTEMPATH\Database\BaseConnection.php(666): CodeIgniter\Database\MySQLi\Connection->execute('INSERT INTO `produto` (`nomeproduto`, `valor`) VALUES (\'Teclado\', \'20\')')
 3 SYSTEMPATH\Database\BaseConnection.php(593): CodeIgniter\Database\BaseConnection->simpleQuery('INSERT INTO `produto` (`nomeproduto`, `valor`) VALUES (\'Teclado\', \'20\')')
 4 SYSTEMPATH\Database\BaseBuilder.php(1916): CodeIgniter\Database\BaseConnection->query('INSERT INTO `produto` (`nomeproduto`, `valor`) VALUES (:nomeproduto:, :valor:)', [...], false)
 5 SYSTEMPATH\Model.php(279): CodeIgniter\Database\BaseBuilder->insert()
 6 SYSTEMPATH\BaseModel.php(749): CodeIgniter\Model->doInsert([...])
 7 SYSTEMPATH\Model.php(667): CodeIgniter\BaseModel->insert([...], true)
 8 APPPATH\Controllers\Produtos.php(61): CodeIgniter\Model->insert([...])
 9 SYSTEMPATH\CodeIgniter.php(927): App\Controllers\Produtos->inserir()
10 SYSTEMPATH\CodeIgniter.php(482): CodeIgniter\CodeIgniter->runController(Object(App\Controllers\Produtos))
11 SYSTEMPATH\CodeIgniter.php(351): CodeIgniter\CodeIgniter->handleRequest(null, Object(Config\Cache), false)
12 FCPATH\index.php(67): CodeIgniter\CodeIgniter->run()
ERROR - 2022-11-14 14:27:21 --> mysqli_sql_exception: Cannot add or update a child row: a foreign key constraint fails (`cadastro_pedido`.`produto`, CONSTRAINT `fk_produto_pessoa` FOREIGN KEY (`pessoa_id`) REFERENCES `pessoa` (`id`)) in C:\xampp\htdocs\codeigniter\system\Database\MySQLi\Connection.php:292
Stack trace:
#0 C:\xampp\htdocs\codeigniter\system\Database\MySQLi\Connection.php(292): mysqli->query('INSERT INTO `pr...', 0)
#1 C:\xampp\htdocs\codeigniter\system\Database\BaseConnection.php(666): CodeIgniter\Database\MySQLi\Connection->execute('INSERT INTO `pr...')
#2 C:\xampp\htdocs\codeigniter\system\Database\BaseConnection.php(593): CodeIgniter\Database\BaseConnection->simpleQuery('INSERT INTO `pr...')
#3 C:\xampp\htdocs\codeigniter\system\Database\BaseBuilder.php(1916): CodeIgniter\Database\BaseConnection->query('INSERT INTO `pr...', Array, false)
#4 C:\xampp\htdocs\codeigniter\system\Model.php(279): CodeIgniter\Database\BaseBuilder->insert()
#5 C:\xampp\htdocs\codeigniter\system\BaseModel.php(749): CodeIgniter\Model->doInsert(Array)
#6 C:\xampp\htdocs\codeigniter\system\Model.php(667): CodeIgniter\BaseModel->insert(Array, true)
#7 C:\xampp\htdocs\codeigniter\app\Controllers\Produtos.php(61): CodeIgniter\Model->insert(Array)
#8 C:\xampp\htdocs\codeigniter\system\CodeIgniter.php(927): App\Controllers\Produtos->inserir()
#9 C:\xampp\htdocs\codeigniter\system\CodeIgniter.php(482): CodeIgniter\CodeIgniter->runController(Object(App\Controllers\Produtos))
#10 C:\xampp\htdocs\codeigniter\system\CodeIgniter.php(351): CodeIgniter\CodeIgniter->handleRequest(NULL, Object(Config\Cache), false)
#11 C:\xampp\htdocs\codeigniter\public\index.php(67): CodeIgniter\CodeIgniter->run()
#12 {main}
CRITICAL - 2022-11-14 14:27:21 --> Cannot add or update a child row: a foreign key constraint fails (`cadastro_pedido`.`produto`, CONSTRAINT `fk_produto_pessoa` FOREIGN KEY (`pessoa_id`) REFERENCES `pessoa` (`id`))
in SYSTEMPATH\Database\MySQLi\Connection.php on line 292.
 1 SYSTEMPATH\Database\MySQLi\Connection.php(292): mysqli->query('INSERT INTO `produto` (`nomeproduto`, `valor`) VALUES (\'Teclado\', \'20\')', 0)
 2 SYSTEMPATH\Database\BaseConnection.php(666): CodeIgniter\Database\MySQLi\Connection->execute('INSERT INTO `produto` (`nomeproduto`, `valor`) VALUES (\'Teclado\', \'20\')')
 3 SYSTEMPATH\Database\BaseConnection.php(593): CodeIgniter\Database\BaseConnection->simpleQuery('INSERT INTO `produto` (`nomeproduto`, `valor`) VALUES (\'Teclado\', \'20\')')
 4 SYSTEMPATH\Database\BaseBuilder.php(1916): CodeIgniter\Database\BaseConnection->query('INSERT INTO `produto` (`nomeproduto`, `valor`) VALUES (:nomeproduto:, :valor:)', [...], false)
 5 SYSTEMPATH\Model.php(279): CodeIgniter\Database\BaseBuilder->insert()
 6 SYSTEMPATH\BaseModel.php(749): CodeIgniter\Model->doInsert([...])
 7 SYSTEMPATH\Model.php(667): CodeIgniter\BaseModel->insert([...], true)
 8 APPPATH\Controllers\Produtos.php(61): CodeIgniter\Model->insert([...])
 9 SYSTEMPATH\CodeIgniter.php(927): App\Controllers\Produtos->inserir()
10 SYSTEMPATH\CodeIgniter.php(482): CodeIgniter\CodeIgniter->runController(Object(App\Controllers\Produtos))
11 SYSTEMPATH\CodeIgniter.php(351): CodeIgniter\CodeIgniter->handleRequest(null, Object(Config\Cache), false)
12 FCPATH\index.php(67): CodeIgniter\CodeIgniter->run()
ERROR - 2022-11-14 14:29:46 --> mysqli_sql_exception: Cannot add or update a child row: a foreign key constraint fails (`cadastro_pedido`.`produto`, CONSTRAINT `fk_produto_pessoa` FOREIGN KEY (`pessoa_id`) REFERENCES `pessoa` (`id`)) in C:\xampp\htdocs\codeigniter\system\Database\MySQLi\Connection.php:292
Stack trace:
#0 C:\xampp\htdocs\codeigniter\system\Database\MySQLi\Connection.php(292): mysqli->query('INSERT INTO `pr...', 0)
#1 C:\xampp\htdocs\codeigniter\system\Database\BaseConnection.php(666): CodeIgniter\Database\MySQLi\Connection->execute('INSERT INTO `pr...')
#2 C:\xampp\htdocs\codeigniter\system\Database\BaseConnection.php(593): CodeIgniter\Database\BaseConnection->simpleQuery('INSERT INTO `pr...')
#3 C:\xampp\htdocs\codeigniter\system\Database\BaseBuilder.php(1916): CodeIgniter\Database\BaseConnection->query('INSERT INTO `pr...', Array, false)
#4 C:\xampp\htdocs\codeigniter\system\Model.php(279): CodeIgniter\Database\BaseBuilder->insert()
#5 C:\xampp\htdocs\codeigniter\system\BaseModel.php(749): CodeIgniter\Model->doInsert(Array)
#6 C:\xampp\htdocs\codeigniter\system\Model.php(667): CodeIgniter\BaseModel->insert(Array, true)
#7 C:\xampp\htdocs\codeigniter\app\Controllers\Produtos.php(61): CodeIgniter\Model->insert(Array)
#8 C:\xampp\htdocs\codeigniter\system\CodeIgniter.php(927): App\Controllers\Produtos->inserir()
#9 C:\xampp\htdocs\codeigniter\system\CodeIgniter.php(482): CodeIgniter\CodeIgniter->runController(Object(App\Controllers\Produtos))
#10 C:\xampp\htdocs\codeigniter\system\CodeIgniter.php(351): CodeIgniter\CodeIgniter->handleRequest(NULL, Object(Config\Cache), false)
#11 C:\xampp\htdocs\codeigniter\public\index.php(67): CodeIgniter\CodeIgniter->run()
#12 {main}
CRITICAL - 2022-11-14 14:29:46 --> Cannot add or update a child row: a foreign key constraint fails (`cadastro_pedido`.`produto`, CONSTRAINT `fk_produto_pessoa` FOREIGN KEY (`pessoa_id`) REFERENCES `pessoa` (`id`))
in SYSTEMPATH\Database\MySQLi\Connection.php on line 292.
 1 SYSTEMPATH\Database\MySQLi\Connection.php(292): mysqli->query('INSERT INTO `produto` (`nomeproduto`, `valor`) VALUES (\'Teclado\', \'20\')', 0)
 2 SYSTEMPATH\Database\BaseConnection.php(666): CodeIgniter\Database\MySQLi\Connection->execute('INSERT INTO `produto` (`nomeproduto`, `valor`) VALUES (\'Teclado\', \'20\')')
 3 SYSTEMPATH\Database\BaseConnection.php(593): CodeIgniter\Database\BaseConnection->simpleQuery('INSERT INTO `produto` (`nomeproduto`, `valor`) VALUES (\'Teclado\', \'20\')')
 4 SYSTEMPATH\Database\BaseBuilder.php(1916): CodeIgniter\Database\BaseConnection->query('INSERT INTO `produto` (`nomeproduto`, `valor`) VALUES (:nomeproduto:, :valor:)', [...], false)
 5 SYSTEMPATH\Model.php(279): CodeIgniter\Database\BaseBuilder->insert()
 6 SYSTEMPATH\BaseModel.php(749): CodeIgniter\Model->doInsert([...])
 7 SYSTEMPATH\Model.php(667): CodeIgniter\BaseModel->insert([...], true)
 8 APPPATH\Controllers\Produtos.php(61): CodeIgniter\Model->insert([...])
 9 SYSTEMPATH\CodeIgniter.php(927): App\Controllers\Produtos->inserir()
10 SYSTEMPATH\CodeIgniter.php(482): CodeIgniter\CodeIgniter->runController(Object(App\Controllers\Produtos))
11 SYSTEMPATH\CodeIgniter.php(351): CodeIgniter\CodeIgniter->handleRequest(null, Object(Config\Cache), false)
12 FCPATH\index.php(67): CodeIgniter\CodeIgniter->run()
ERROR - 2022-11-14 14:30:09 --> mysqli_sql_exception: Cannot add or update a child row: a foreign key constraint fails (`cadastro_pedido`.`produto`, CONSTRAINT `fk_produto_pessoa` FOREIGN KEY (`pessoa_id`) REFERENCES `pessoa` (`id`)) in C:\xampp\htdocs\codeigniter\system\Database\MySQLi\Connection.php:292
Stack trace:
#0 C:\xampp\htdocs\codeigniter\system\Database\MySQLi\Connection.php(292): mysqli->query('INSERT INTO `pr...', 0)
#1 C:\xampp\htdocs\codeigniter\system\Database\BaseConnection.php(666): CodeIgniter\Database\MySQLi\Connection->execute('INSERT INTO `pr...')
#2 C:\xampp\htdocs\codeigniter\system\Database\BaseConnection.php(593): CodeIgniter\Database\BaseConnection->simpleQuery('INSERT INTO `pr...')
#3 C:\xampp\htdocs\codeigniter\system\Database\BaseBuilder.php(1916): CodeIgniter\Database\BaseConnection->query('INSERT INTO `pr...', Array, false)
#4 C:\xampp\htdocs\codeigniter\system\Model.php(279): CodeIgniter\Database\BaseBuilder->insert()
#5 C:\xampp\htdocs\codeigniter\system\BaseModel.php(749): CodeIgniter\Model->doInsert(Array)
#6 C:\xampp\htdocs\codeigniter\system\Model.php(667): CodeIgniter\BaseModel->insert(Array, true)
#7 C:\xampp\htdocs\codeigniter\app\Controllers\Produtos.php(61): CodeIgniter\Model->insert(Array)
#8 C:\xampp\htdocs\codeigniter\system\CodeIgniter.php(927): App\Controllers\Produtos->inserir()
#9 C:\xampp\htdocs\codeigniter\system\CodeIgniter.php(482): CodeIgniter\CodeIgniter->runController(Object(App\Controllers\Produtos))
#10 C:\xampp\htdocs\codeigniter\system\CodeIgniter.php(351): CodeIgniter\CodeIgniter->handleRequest(NULL, Object(Config\Cache), false)
#11 C:\xampp\htdocs\codeigniter\public\index.php(67): CodeIgniter\CodeIgniter->run()
#12 {main}
CRITICAL - 2022-11-14 14:30:09 --> Cannot add or update a child row: a foreign key constraint fails (`cadastro_pedido`.`produto`, CONSTRAINT `fk_produto_pessoa` FOREIGN KEY (`pessoa_id`) REFERENCES `pessoa` (`id`))
in SYSTEMPATH\Database\MySQLi\Connection.php on line 292.
 1 SYSTEMPATH\Database\MySQLi\Connection.php(292): mysqli->query('INSERT INTO `produto` (`nomeproduto`, `valor`) VALUES (\'Teclado\', \'20\')', 0)
 2 SYSTEMPATH\Database\BaseConnection.php(666): CodeIgniter\Database\MySQLi\Connection->execute('INSERT INTO `produto` (`nomeproduto`, `valor`) VALUES (\'Teclado\', \'20\')')
 3 SYSTEMPATH\Database\BaseConnection.php(593): CodeIgniter\Database\BaseConnection->simpleQuery('INSERT INTO `produto` (`nomeproduto`, `valor`) VALUES (\'Teclado\', \'20\')')
 4 SYSTEMPATH\Database\BaseBuilder.php(1916): CodeIgniter\Database\BaseConnection->query('INSERT INTO `produto` (`nomeproduto`, `valor`) VALUES (:nomeproduto:, :valor:)', [...], false)
 5 SYSTEMPATH\Model.php(279): CodeIgniter\Database\BaseBuilder->insert()
 6 SYSTEMPATH\BaseModel.php(749): CodeIgniter\Model->doInsert([...])
 7 SYSTEMPATH\Model.php(667): CodeIgniter\BaseModel->insert([...], true)
 8 APPPATH\Controllers\Produtos.php(61): CodeIgniter\Model->insert([...])
 9 SYSTEMPATH\CodeIgniter.php(927): App\Controllers\Produtos->inserir()
10 SYSTEMPATH\CodeIgniter.php(482): CodeIgniter\CodeIgniter->runController(Object(App\Controllers\Produtos))
11 SYSTEMPATH\CodeIgniter.php(351): CodeIgniter\CodeIgniter->handleRequest(null, Object(Config\Cache), false)
12 FCPATH\index.php(67): CodeIgniter\CodeIgniter->run()
CRITICAL - 2022-11-14 14:30:48 --> Too few arguments to function App\Controllers\Produtos::inserir(), 0 passed in C:\xampp\htdocs\codeigniter\system\CodeIgniter.php on line 927 and exactly 1 expected
in APPPATH\Controllers\Produtos.php on line 51.
 1 SYSTEMPATH\CodeIgniter.php(927): App\Controllers\Produtos->inserir()
 2 SYSTEMPATH\CodeIgniter.php(482): CodeIgniter\CodeIgniter->runController(Object(App\Controllers\Produtos))
 3 SYSTEMPATH\CodeIgniter.php(351): CodeIgniter\CodeIgniter->handleRequest(null, Object(Config\Cache), false)
 4 FCPATH\index.php(67): CodeIgniter\CodeIgniter->run()
CRITICAL - 2022-11-14 14:31:05 --> Too few arguments to function App\Controllers\Produtos::inserir(), 0 passed in C:\xampp\htdocs\codeigniter\system\CodeIgniter.php on line 927 and exactly 1 expected
in APPPATH\Controllers\Produtos.php on line 51.
 1 SYSTEMPATH\CodeIgniter.php(927): App\Controllers\Produtos->inserir()
 2 SYSTEMPATH\CodeIgniter.php(482): CodeIgniter\CodeIgniter->runController(Object(App\Controllers\Produtos))
 3 SYSTEMPATH\CodeIgniter.php(351): CodeIgniter\CodeIgniter->handleRequest(null, Object(Config\Cache), false)
 4 FCPATH\index.php(67): CodeIgniter\CodeIgniter->run()
ERROR - 2022-11-14 14:32:16 --> mysqli_sql_exception: Cannot add or update a child row: a foreign key constraint fails (`cadastro_pedido`.`produto`, CONSTRAINT `fk_produto_pessoa` FOREIGN KEY (`pessoa_id`) REFERENCES `pessoa` (`id`)) in C:\xampp\htdocs\codeigniter\system\Database\MySQLi\Connection.php:292
Stack trace:
#0 C:\xampp\htdocs\codeigniter\system\Database\MySQLi\Connection.php(292): mysqli->query('INSERT INTO `pr...', 0)
#1 C:\xampp\htdocs\codeigniter\system\Database\BaseConnection.php(666): CodeIgniter\Database\MySQLi\Connection->execute('INSERT INTO `pr...')
#2 C:\xampp\htdocs\codeigniter\system\Database\BaseConnection.php(593): CodeIgniter\Database\BaseConnection->simpleQuery('INSERT INTO `pr...')
#3 C:\xampp\htdocs\codeigniter\system\Database\BaseBuilder.php(1916): CodeIgniter\Database\BaseConnection->query('INSERT INTO `pr...', Array, false)
#4 C:\xampp\htdocs\codeigniter\system\Model.php(279): CodeIgniter\Database\BaseBuilder->insert()
#5 C:\xampp\htdocs\codeigniter\system\BaseModel.php(749): CodeIgniter\Model->doInsert(Array)
#6 C:\xampp\htdocs\codeigniter\system\Model.php(667): CodeIgniter\BaseModel->insert(Array, true)
#7 C:\xampp\htdocs\codeigniter\app\Controllers\Produtos.php(61): CodeIgniter\Model->insert(Array)
#8 C:\xampp\htdocs\codeigniter\system\CodeIgniter.php(927): App\Controllers\Produtos->inserir()
#9 C:\xampp\htdocs\codeigniter\system\CodeIgniter.php(482): CodeIgniter\CodeIgniter->runController(Object(App\Controllers\Produtos))
#10 C:\xampp\htdocs\codeigniter\system\CodeIgniter.php(351): CodeIgniter\CodeIgniter->handleRequest(NULL, Object(Config\Cache), false)
#11 C:\xampp\htdocs\codeigniter\public\index.php(67): CodeIgniter\CodeIgniter->run()
#12 {main}
CRITICAL - 2022-11-14 14:32:16 --> Cannot add or update a child row: a foreign key constraint fails (`cadastro_pedido`.`produto`, CONSTRAINT `fk_produto_pessoa` FOREIGN KEY (`pessoa_id`) REFERENCES `pessoa` (`id`))
in SYSTEMPATH\Database\MySQLi\Connection.php on line 292.
 1 SYSTEMPATH\Database\MySQLi\Connection.php(292): mysqli->query('INSERT INTO `produto` (`nomeproduto`, `valor`) VALUES (\'Teclado\', \'20\')', 0)
 2 SYSTEMPATH\Database\BaseConnection.php(666): CodeIgniter\Database\MySQLi\Connection->execute('INSERT INTO `produto` (`nomeproduto`, `valor`) VALUES (\'Teclado\', \'20\')')
 3 SYSTEMPATH\Database\BaseConnection.php(593): CodeIgniter\Database\BaseConnection->simpleQuery('INSERT INTO `produto` (`nomeproduto`, `valor`) VALUES (\'Teclado\', \'20\')')
 4 SYSTEMPATH\Database\BaseBuilder.php(1916): CodeIgniter\Database\BaseConnection->query('INSERT INTO `produto` (`nomeproduto`, `valor`) VALUES (:nomeproduto:, :valor:)', [...], false)
 5 SYSTEMPATH\Model.php(279): CodeIgniter\Database\BaseBuilder->insert()
 6 SYSTEMPATH\BaseModel.php(749): CodeIgniter\Model->doInsert([...])
 7 SYSTEMPATH\Model.php(667): CodeIgniter\BaseModel->insert([...], true)
 8 APPPATH\Controllers\Produtos.php(61): CodeIgniter\Model->insert([...])
 9 SYSTEMPATH\CodeIgniter.php(927): App\Controllers\Produtos->inserir()
10 SYSTEMPATH\CodeIgniter.php(482): CodeIgniter\CodeIgniter->runController(Object(App\Controllers\Produtos))
11 SYSTEMPATH\CodeIgniter.php(351): CodeIgniter\CodeIgniter->handleRequest(null, Object(Config\Cache), false)
12 FCPATH\index.php(67): CodeIgniter\CodeIgniter->run()
CRITICAL - 2022-11-14 14:38:06 --> Undefined variable $pessoas
in APPPATH\Views\produtos_detalhes.php on line 15.
 1 APPPATH\Views\produtos_detalhes.php(15): CodeIgniter\Debug\Exceptions->errorHandler(2, 'Undefined variable $pessoas', 'APPPATH\\Views\\produtos_detalhes.php', 15)
 2 SYSTEMPATH\View\View.php(213): include('APPPATH\\Views\\produtos_detalhes.php')
 3 SYSTEMPATH\View\View.php(216): CodeIgniter\View\View->CodeIgniter\View\{closure}()
 4 SYSTEMPATH\Common.php(1134): CodeIgniter\View\View->render('produtos_detalhes', [], true)
 5 APPPATH\Controllers\Produtos.php(31): view('produtos_detalhes', [...])
 6 SYSTEMPATH\CodeIgniter.php(927): App\Controllers\Produtos->index()
 7 SYSTEMPATH\CodeIgniter.php(482): CodeIgniter\CodeIgniter->runController(Object(App\Controllers\Produtos))
 8 SYSTEMPATH\CodeIgniter.php(351): CodeIgniter\CodeIgniter->handleRequest(null, Object(Config\Cache), false)
 9 FCPATH\index.php(67): CodeIgniter\CodeIgniter->run()
CRITICAL - 2022-11-14 14:38:06 --> Undefined variable $pessoas
in APPPATH\Views\produtos_detalhes.php on line 15.
 1 APPPATH\Views\produtos_detalhes.php(15): CodeIgniter\Debug\Exceptions->errorHandler(2, 'Undefined variable $pessoas', 'APPPATH\\Views\\produtos_detalhes.php', 15)
 2 SYSTEMPATH\View\View.php(213): include('APPPATH\\Views\\produtos_detalhes.php')
 3 SYSTEMPATH\View\View.php(216): CodeIgniter\View\View->CodeIgniter\View\{closure}()
 4 SYSTEMPATH\Common.php(1134): CodeIgniter\View\View->render('produtos_detalhes', [], true)
 5 APPPATH\Controllers\Produtos.php(31): view('produtos_detalhes', [...])
 6 SYSTEMPATH\CodeIgniter.php(927): App\Controllers\Produtos->index()
 7 SYSTEMPATH\CodeIgniter.php(482): CodeIgniter\CodeIgniter->runController(Object(App\Controllers\Produtos))
 8 SYSTEMPATH\CodeIgniter.php(351): CodeIgniter\CodeIgniter->handleRequest(null, Object(Config\Cache), false)
 9 FCPATH\index.php(67): CodeIgniter\CodeIgniter->run()
ERROR - 2022-11-14 14:39:58 --> mysqli_sql_exception: Cannot add or update a child row: a foreign key constraint fails (`cadastro_pedido`.`produto`, CONSTRAINT `fk_produto_pessoa` FOREIGN KEY (`pessoa_id`) REFERENCES `pessoa` (`id`)) in C:\xampp\htdocs\codeigniter\system\Database\MySQLi\Connection.php:292
Stack trace:
#0 C:\xampp\htdocs\codeigniter\system\Database\MySQLi\Connection.php(292): mysqli->query('INSERT INTO `pr...', 0)
#1 C:\xampp\htdocs\codeigniter\system\Database\BaseConnection.php(666): CodeIgniter\Database\MySQLi\Connection->execute('INSERT INTO `pr...')
#2 C:\xampp\htdocs\codeigniter\system\Database\BaseConnection.php(593): CodeIgniter\Database\BaseConnection->simpleQuery('INSERT INTO `pr...')
#3 C:\xampp\htdocs\codeigniter\system\Database\BaseBuilder.php(1916): CodeIgniter\Database\BaseConnection->query('INSERT INTO `pr...', Array, false)
#4 C:\xampp\htdocs\codeigniter\system\Model.php(279): CodeIgniter\Database\BaseBuilder->insert()
#5 C:\xampp\htdocs\codeigniter\system\BaseModel.php(749): CodeIgniter\Model->doInsert(Array)
#6 C:\xampp\htdocs\codeigniter\system\Model.php(667): CodeIgniter\BaseModel->insert(Array, true)
#7 C:\xampp\htdocs\codeigniter\app\Controllers\Produtos.php(61): CodeIgniter\Model->insert(Array)
#8 C:\xampp\htdocs\codeigniter\system\CodeIgniter.php(927): App\Controllers\Produtos->inserir()
#9 C:\xampp\htdocs\codeigniter\system\CodeIgniter.php(482): CodeIgniter\CodeIgniter->runController(Object(App\Controllers\Produtos))
#10 C:\xampp\htdocs\codeigniter\system\CodeIgniter.php(351): CodeIgniter\CodeIgniter->handleRequest(NULL, Object(Config\Cache), false)
#11 C:\xampp\htdocs\codeigniter\public\index.php(67): CodeIgniter\CodeIgniter->run()
#12 {main}
CRITICAL - 2022-11-14 14:39:58 --> Cannot add or update a child row: a foreign key constraint fails (`cadastro_pedido`.`produto`, CONSTRAINT `fk_produto_pessoa` FOREIGN KEY (`pessoa_id`) REFERENCES `pessoa` (`id`))
in SYSTEMPATH\Database\MySQLi\Connection.php on line 292.
 1 SYSTEMPATH\Database\MySQLi\Connection.php(292): mysqli->query('INSERT INTO `produto` (`nomeproduto`, `valor`) VALUES (\'Teclado\', \'20\')', 0)
 2 SYSTEMPATH\Database\BaseConnection.php(666): CodeIgniter\Database\MySQLi\Connection->execute('INSERT INTO `produto` (`nomeproduto`, `valor`) VALUES (\'Teclado\', \'20\')')
 3 SYSTEMPATH\Database\BaseConnection.php(593): CodeIgniter\Database\BaseConnection->simpleQuery('INSERT INTO `produto` (`nomeproduto`, `valor`) VALUES (\'Teclado\', \'20\')')
 4 SYSTEMPATH\Database\BaseBuilder.php(1916): CodeIgniter\Database\BaseConnection->query('INSERT INTO `produto` (`nomeproduto`, `valor`) VALUES (:nomeproduto:, :valor:)', [...], false)
 5 SYSTEMPATH\Model.php(279): CodeIgniter\Database\BaseBuilder->insert()
 6 SYSTEMPATH\BaseModel.php(749): CodeIgniter\Model->doInsert([...])
 7 SYSTEMPATH\Model.php(667): CodeIgniter\BaseModel->insert([...], true)
 8 APPPATH\Controllers\Produtos.php(61): CodeIgniter\Model->insert([...])
 9 SYSTEMPATH\CodeIgniter.php(927): App\Controllers\Produtos->inserir()
10 SYSTEMPATH\CodeIgniter.php(482): CodeIgniter\CodeIgniter->runController(Object(App\Controllers\Produtos))
11 SYSTEMPATH\CodeIgniter.php(351): CodeIgniter\CodeIgniter->handleRequest(null, Object(Config\Cache), false)
12 FCPATH\index.php(67): CodeIgniter\CodeIgniter->run()
ERROR - 2022-11-14 14:43:42 --> mysqli_sql_exception: Cannot add or update a child row: a foreign key constraint fails (`cadastro_pedido`.`produto`, CONSTRAINT `fk_produto_pessoa` FOREIGN KEY (`pessoa_id`) REFERENCES `pessoa` (`id`)) in C:\xampp\htdocs\codeigniter\system\Database\MySQLi\Connection.php:292
Stack trace:
#0 C:\xampp\htdocs\codeigniter\system\Database\MySQLi\Connection.php(292): mysqli->query('INSERT INTO `pr...', 0)
#1 C:\xampp\htdocs\codeigniter\system\Database\BaseConnection.php(666): CodeIgniter\Database\MySQLi\Connection->execute('INSERT INTO `pr...')
#2 C:\xampp\htdocs\codeigniter\system\Database\BaseConnection.php(593): CodeIgniter\Database\BaseConnection->simpleQuery('INSERT INTO `pr...')
#3 C:\xampp\htdocs\codeigniter\system\Database\BaseBuilder.php(1916): CodeIgniter\Database\BaseConnection->query('INSERT INTO `pr...', Array, false)
#4 C:\xampp\htdocs\codeigniter\system\Model.php(279): CodeIgniter\Database\BaseBuilder->insert()
#5 C:\xampp\htdocs\codeigniter\system\BaseModel.php(749): CodeIgniter\Model->doInsert(Array)
#6 C:\xampp\htdocs\codeigniter\system\Model.php(667): CodeIgniter\BaseModel->insert(Array, true)
#7 C:\xampp\htdocs\codeigniter\app\Controllers\Produtos.php(61): CodeIgniter\Model->insert(Array)
#8 C:\xampp\htdocs\codeigniter\system\CodeIgniter.php(927): App\Controllers\Produtos->inserir()
#9 C:\xampp\htdocs\codeigniter\system\CodeIgniter.php(482): CodeIgniter\CodeIgniter->runController(Object(App\Controllers\Produtos))
#10 C:\xampp\htdocs\codeigniter\system\CodeIgniter.php(351): CodeIgniter\CodeIgniter->handleRequest(NULL, Object(Config\Cache), false)
#11 C:\xampp\htdocs\codeigniter\public\index.php(67): CodeIgniter\CodeIgniter->run()
#12 {main}
CRITICAL - 2022-11-14 14:43:42 --> Cannot add or update a child row: a foreign key constraint fails (`cadastro_pedido`.`produto`, CONSTRAINT `fk_produto_pessoa` FOREIGN KEY (`pessoa_id`) REFERENCES `pessoa` (`id`))
in SYSTEMPATH\Database\MySQLi\Connection.php on line 292.
 1 SYSTEMPATH\Database\MySQLi\Connection.php(292): mysqli->query('INSERT INTO `produto` (`nomeproduto`, `valor`) VALUES (\'Teclado\', \'20\')', 0)
 2 SYSTEMPATH\Database\BaseConnection.php(666): CodeIgniter\Database\MySQLi\Connection->execute('INSERT INTO `produto` (`nomeproduto`, `valor`) VALUES (\'Teclado\', \'20\')')
 3 SYSTEMPATH\Database\BaseConnection.php(593): CodeIgniter\Database\BaseConnection->simpleQuery('INSERT INTO `produto` (`nomeproduto`, `valor`) VALUES (\'Teclado\', \'20\')')
 4 SYSTEMPATH\Database\BaseBuilder.php(1916): CodeIgniter\Database\BaseConnection->query('INSERT INTO `produto` (`nomeproduto`, `valor`) VALUES (:nomeproduto:, :valor:)', [...], false)
 5 SYSTEMPATH\Model.php(279): CodeIgniter\Database\BaseBuilder->insert()
 6 SYSTEMPATH\BaseModel.php(749): CodeIgniter\Model->doInsert([...])
 7 SYSTEMPATH\Model.php(667): CodeIgniter\BaseModel->insert([...], true)
 8 APPPATH\Controllers\Produtos.php(61): CodeIgniter\Model->insert([...])
 9 SYSTEMPATH\CodeIgniter.php(927): App\Controllers\Produtos->inserir()
10 SYSTEMPATH\CodeIgniter.php(482): CodeIgniter\CodeIgniter->runController(Object(App\Controllers\Produtos))
11 SYSTEMPATH\CodeIgniter.php(351): CodeIgniter\CodeIgniter->handleRequest(null, Object(Config\Cache), false)
12 FCPATH\index.php(67): CodeIgniter\CodeIgniter->run()
ERROR - 2022-11-14 14:49:25 --> mysqli_sql_exception: Cannot add or update a child row: a foreign key constraint fails (`cadastro_pedido`.`produto`, CONSTRAINT `fk_produto_pessoa` FOREIGN KEY (`pessoa_id`) REFERENCES `pessoa` (`id`)) in C:\xampp\htdocs\codeigniter\system\Database\MySQLi\Connection.php:292
Stack trace:
#0 C:\xampp\htdocs\codeigniter\system\Database\MySQLi\Connection.php(292): mysqli->query('INSERT INTO `pr...', 0)
#1 C:\xampp\htdocs\codeigniter\system\Database\BaseConnection.php(666): CodeIgniter\Database\MySQLi\Connection->execute('INSERT INTO `pr...')
#2 C:\xampp\htdocs\codeigniter\system\Database\BaseConnection.php(593): CodeIgniter\Database\BaseConnection->simpleQuery('INSERT INTO `pr...')
#3 C:\xampp\htdocs\codeigniter\system\Database\BaseBuilder.php(1916): CodeIgniter\Database\BaseConnection->query('INSERT INTO `pr...', Array, false)
#4 C:\xampp\htdocs\codeigniter\system\Model.php(279): CodeIgniter\Database\BaseBuilder->insert()
#5 C:\xampp\htdocs\codeigniter\system\BaseModel.php(749): CodeIgniter\Model->doInsert(Array)
#6 C:\xampp\htdocs\codeigniter\system\Model.php(667): CodeIgniter\BaseModel->insert(Array, true)
#7 C:\xampp\htdocs\codeigniter\app\Controllers\Produtos.php(61): CodeIgniter\Model->insert(Array)
#8 C:\xampp\htdocs\codeigniter\system\CodeIgniter.php(927): App\Controllers\Produtos->inserir()
#9 C:\xampp\htdocs\codeigniter\system\CodeIgniter.php(482): CodeIgniter\CodeIgniter->runController(Object(App\Controllers\Produtos))
#10 C:\xampp\htdocs\codeigniter\system\CodeIgniter.php(351): CodeIgniter\CodeIgniter->handleRequest(NULL, Object(Config\Cache), false)
#11 C:\xampp\htdocs\codeigniter\public\index.php(67): CodeIgniter\CodeIgniter->run()
#12 {main}
CRITICAL - 2022-11-14 14:49:25 --> Cannot add or update a child row: a foreign key constraint fails (`cadastro_pedido`.`produto`, CONSTRAINT `fk_produto_pessoa` FOREIGN KEY (`pessoa_id`) REFERENCES `pessoa` (`id`))
in SYSTEMPATH\Database\MySQLi\Connection.php on line 292.
 1 SYSTEMPATH\Database\MySQLi\Connection.php(292): mysqli->query('INSERT INTO `produto` (`nomeproduto`, `valor`) VALUES (\'Teclado\', \'20\')', 0)
 2 SYSTEMPATH\Database\BaseConnection.php(666): CodeIgniter\Database\MySQLi\Connection->execute('INSERT INTO `produto` (`nomeproduto`, `valor`) VALUES (\'Teclado\', \'20\')')
 3 SYSTEMPATH\Database\BaseConnection.php(593): CodeIgniter\Database\BaseConnection->simpleQuery('INSERT INTO `produto` (`nomeproduto`, `valor`) VALUES (\'Teclado\', \'20\')')
 4 SYSTEMPATH\Database\BaseBuilder.php(1916): CodeIgniter\Database\BaseConnection->query('INSERT INTO `produto` (`nomeproduto`, `valor`) VALUES (:nomeproduto:, :valor:)', [...], false)
 5 SYSTEMPATH\Model.php(279): CodeIgniter\Database\BaseBuilder->insert()
 6 SYSTEMPATH\BaseModel.php(749): CodeIgniter\Model->doInsert([...])
 7 SYSTEMPATH\Model.php(667): CodeIgniter\BaseModel->insert([...], true)
 8 APPPATH\Controllers\Produtos.php(61): CodeIgniter\Model->insert([...])
 9 SYSTEMPATH\CodeIgniter.php(927): App\Controllers\Produtos->inserir()
10 SYSTEMPATH\CodeIgniter.php(482): CodeIgniter\CodeIgniter->runController(Object(App\Controllers\Produtos))
11 SYSTEMPATH\CodeIgniter.php(351): CodeIgniter\CodeIgniter->handleRequest(null, Object(Config\Cache), false)
12 FCPATH\index.php(67): CodeIgniter\CodeIgniter->run()
ERROR - 2022-11-14 14:52:44 --> mysqli_sql_exception: Cannot add or update a child row: a foreign key constraint fails (`cadastro_pedido`.`produto`, CONSTRAINT `fk_produto_pessoa` FOREIGN KEY (`pessoa_id`) REFERENCES `pessoa` (`id`)) in C:\xampp\htdocs\codeigniter\system\Database\MySQLi\Connection.php:292
Stack trace:
#0 C:\xampp\htdocs\codeigniter\system\Database\MySQLi\Connection.php(292): mysqli->query('INSERT INTO `pr...', 0)
#1 C:\xampp\htdocs\codeigniter\system\Database\BaseConnection.php(666): CodeIgniter\Database\MySQLi\Connection->execute('INSERT INTO `pr...')
#2 C:\xampp\htdocs\codeigniter\system\Database\BaseConnection.php(593): CodeIgniter\Database\BaseConnection->simpleQuery('INSERT INTO `pr...')
#3 C:\xampp\htdocs\codeigniter\system\Database\BaseBuilder.php(1916): CodeIgniter\Database\BaseConnection->query('INSERT INTO `pr...', Array, false)
#4 C:\xampp\htdocs\codeigniter\system\Model.php(279): CodeIgniter\Database\BaseBuilder->insert()
#5 C:\xampp\htdocs\codeigniter\system\BaseModel.php(749): CodeIgniter\Model->doInsert(Array)
#6 C:\xampp\htdocs\codeigniter\system\Model.php(667): CodeIgniter\BaseModel->insert(Array, true)
#7 C:\xampp\htdocs\codeigniter\app\Controllers\Produtos.php(61): CodeIgniter\Model->insert(Array)
#8 C:\xampp\htdocs\codeigniter\system\CodeIgniter.php(927): App\Controllers\Produtos->inserir()
#9 C:\xampp\htdocs\codeigniter\system\CodeIgniter.php(482): CodeIgniter\CodeIgniter->runController(Object(App\Controllers\Produtos))
#10 C:\xampp\htdocs\codeigniter\system\CodeIgniter.php(351): CodeIgniter\CodeIgniter->handleRequest(NULL, Object(Config\Cache), false)
#11 C:\xampp\htdocs\codeigniter\public\index.php(67): CodeIgniter\CodeIgniter->run()
#12 {main}
CRITICAL - 2022-11-14 14:52:44 --> Cannot add or update a child row: a foreign key constraint fails (`cadastro_pedido`.`produto`, CONSTRAINT `fk_produto_pessoa` FOREIGN KEY (`pessoa_id`) REFERENCES `pessoa` (`id`))
in SYSTEMPATH\Database\MySQLi\Connection.php on line 292.
 1 SYSTEMPATH\Database\MySQLi\Connection.php(292): mysqli->query('INSERT INTO `produto` (`nomeproduto`, `valor`) VALUES (\'Teclado\', \'20\')', 0)
 2 SYSTEMPATH\Database\BaseConnection.php(666): CodeIgniter\Database\MySQLi\Connection->execute('INSERT INTO `produto` (`nomeproduto`, `valor`) VALUES (\'Teclado\', \'20\')')
 3 SYSTEMPATH\Database\BaseConnection.php(593): CodeIgniter\Database\BaseConnection->simpleQuery('INSERT INTO `produto` (`nomeproduto`, `valor`) VALUES (\'Teclado\', \'20\')')
 4 SYSTEMPATH\Database\BaseBuilder.php(1916): CodeIgniter\Database\BaseConnection->query('INSERT INTO `produto` (`nomeproduto`, `valor`) VALUES (:nomeproduto:, :valor:)', [...], false)
 5 SYSTEMPATH\Model.php(279): CodeIgniter\Database\BaseBuilder->insert()
 6 SYSTEMPATH\BaseModel.php(749): CodeIgniter\Model->doInsert([...])
 7 SYSTEMPATH\Model.php(667): CodeIgniter\BaseModel->insert([...], true)
 8 APPPATH\Controllers\Produtos.php(61): CodeIgniter\Model->insert([...])
 9 SYSTEMPATH\CodeIgniter.php(927): App\Controllers\Produtos->inserir()
10 SYSTEMPATH\CodeIgniter.php(482): CodeIgniter\CodeIgniter->runController(Object(App\Controllers\Produtos))
11 SYSTEMPATH\CodeIgniter.php(351): CodeIgniter\CodeIgniter->handleRequest(null, Object(Config\Cache), false)
12 FCPATH\index.php(67): CodeIgniter\CodeIgniter->run()
CRITICAL - 2022-11-14 14:54:15 --> Undefined variable $titulo
in APPPATH\Views\produtos_form.php on line 3.
 1 APPPATH\Views\produtos_form.php(3): CodeIgniter\Debug\Exceptions->errorHandler(2, 'Undefined variable $titulo', 'APPPATH\\Views\\produtos_form.php', 3)
 2 SYSTEMPATH\View\View.php(213): include('APPPATH\\Views\\produtos_form.php')
 3 SYSTEMPATH\View\View.php(216): CodeIgniter\View\View->CodeIgniter\View\{closure}()
 4 SYSTEMPATH\Common.php(1134): CodeIgniter\View\View->render('produtos_form', [], true)
 5 APPPATH\Controllers\Produtos.php(71): view('produtos_form', [...])
 6 SYSTEMPATH\CodeIgniter.php(927): App\Controllers\Produtos->inserir()
 7 SYSTEMPATH\CodeIgniter.php(482): CodeIgniter\CodeIgniter->runController(Object(App\Controllers\Produtos))
 8 SYSTEMPATH\CodeIgniter.php(351): CodeIgniter\CodeIgniter->handleRequest(null, Object(Config\Cache), false)
 9 FCPATH\index.php(67): CodeIgniter\CodeIgniter->run()
ERROR - 2022-11-14 14:54:56 --> mysqli_sql_exception: Cannot add or update a child row: a foreign key constraint fails (`cadastro_pedido`.`produto`, CONSTRAINT `fk_produto_pessoa` FOREIGN KEY (`pessoa_id`) REFERENCES `pessoa` (`id`)) in C:\xampp\htdocs\codeigniter\system\Database\MySQLi\Connection.php:292
Stack trace:
#0 C:\xampp\htdocs\codeigniter\system\Database\MySQLi\Connection.php(292): mysqli->query('INSERT INTO `pr...', 0)
#1 C:\xampp\htdocs\codeigniter\system\Database\BaseConnection.php(666): CodeIgniter\Database\MySQLi\Connection->execute('INSERT INTO `pr...')
#2 C:\xampp\htdocs\codeigniter\system\Database\BaseConnection.php(593): CodeIgniter\Database\BaseConnection->simpleQuery('INSERT INTO `pr...')
#3 C:\xampp\htdocs\codeigniter\system\Database\BaseBuilder.php(1916): CodeIgniter\Database\BaseConnection->query('INSERT INTO `pr...', Array, false)
#4 C:\xampp\htdocs\codeigniter\system\Model.php(279): CodeIgniter\Database\BaseBuilder->insert()
#5 C:\xampp\htdocs\codeigniter\system\BaseModel.php(749): CodeIgniter\Model->doInsert(Array)
#6 C:\xampp\htdocs\codeigniter\system\Model.php(667): CodeIgniter\BaseModel->insert(Array, true)
#7 C:\xampp\htdocs\codeigniter\app\Controllers\Produtos.php(61): CodeIgniter\Model->insert(Array)
#8 C:\xampp\htdocs\codeigniter\system\CodeIgniter.php(927): App\Controllers\Produtos->inserir()
#9 C:\xampp\htdocs\codeigniter\system\CodeIgniter.php(482): CodeIgniter\CodeIgniter->runController(Object(App\Controllers\Produtos))
#10 C:\xampp\htdocs\codeigniter\system\CodeIgniter.php(351): CodeIgniter\CodeIgniter->handleRequest(NULL, Object(Config\Cache), false)
#11 C:\xampp\htdocs\codeigniter\public\index.php(67): CodeIgniter\CodeIgniter->run()
#12 {main}
CRITICAL - 2022-11-14 14:54:56 --> Cannot add or update a child row: a foreign key constraint fails (`cadastro_pedido`.`produto`, CONSTRAINT `fk_produto_pessoa` FOREIGN KEY (`pessoa_id`) REFERENCES `pessoa` (`id`))
in SYSTEMPATH\Database\MySQLi\Connection.php on line 292.
 1 SYSTEMPATH\Database\MySQLi\Connection.php(292): mysqli->query('INSERT INTO `produto` (`nomeproduto`, `valor`) VALUES (\'Teclado\', \'20\')', 0)
 2 SYSTEMPATH\Database\BaseConnection.php(666): CodeIgniter\Database\MySQLi\Connection->execute('INSERT INTO `produto` (`nomeproduto`, `valor`) VALUES (\'Teclado\', \'20\')')
 3 SYSTEMPATH\Database\BaseConnection.php(593): CodeIgniter\Database\BaseConnection->simpleQuery('INSERT INTO `produto` (`nomeproduto`, `valor`) VALUES (\'Teclado\', \'20\')')
 4 SYSTEMPATH\Database\BaseBuilder.php(1916): CodeIgniter\Database\BaseConnection->query('INSERT INTO `produto` (`nomeproduto`, `valor`) VALUES (:nomeproduto:, :valor:)', [...], false)
 5 SYSTEMPATH\Model.php(279): CodeIgniter\Database\BaseBuilder->insert()
 6 SYSTEMPATH\BaseModel.php(749): CodeIgniter\Model->doInsert([...])
 7 SYSTEMPATH\Model.php(667): CodeIgniter\BaseModel->insert([...], true)
 8 APPPATH\Controllers\Produtos.php(61): CodeIgniter\Model->insert([...])
 9 SYSTEMPATH\CodeIgniter.php(927): App\Controllers\Produtos->inserir()
10 SYSTEMPATH\CodeIgniter.php(482): CodeIgniter\CodeIgniter->runController(Object(App\Controllers\Produtos))
11 SYSTEMPATH\CodeIgniter.php(351): CodeIgniter\CodeIgniter->handleRequest(null, Object(Config\Cache), false)
12 FCPATH\index.php(67): CodeIgniter\CodeIgniter->run()
ERROR - 2022-11-14 14:55:14 --> mysqli_sql_exception: Cannot add or update a child row: a foreign key constraint fails (`cadastro_pedido`.`produto`, CONSTRAINT `fk_produto_pessoa` FOREIGN KEY (`pessoa_id`) REFERENCES `pessoa` (`id`)) in C:\xampp\htdocs\codeigniter\system\Database\MySQLi\Connection.php:292
Stack trace:
#0 C:\xampp\htdocs\codeigniter\system\Database\MySQLi\Connection.php(292): mysqli->query('INSERT INTO `pr...', 0)
#1 C:\xampp\htdocs\codeigniter\system\Database\BaseConnection.php(666): CodeIgniter\Database\MySQLi\Connection->execute('INSERT INTO `pr...')
#2 C:\xampp\htdocs\codeigniter\system\Database\BaseConnection.php(593): CodeIgniter\Database\BaseConnection->simpleQuery('INSERT INTO `pr...')
#3 C:\xampp\htdocs\codeigniter\system\Database\BaseBuilder.php(1916): CodeIgniter\Database\BaseConnection->query('INSERT INTO `pr...', Array, false)
#4 C:\xampp\htdocs\codeigniter\system\Model.php(279): CodeIgniter\Database\BaseBuilder->insert()
#5 C:\xampp\htdocs\codeigniter\system\BaseModel.php(749): CodeIgniter\Model->doInsert(Array)
#6 C:\xampp\htdocs\codeigniter\system\Model.php(667): CodeIgniter\BaseModel->insert(Array, true)
#7 C:\xampp\htdocs\codeigniter\app\Controllers\Produtos.php(61): CodeIgniter\Model->insert(Array)
#8 C:\xampp\htdocs\codeigniter\system\CodeIgniter.php(927): App\Controllers\Produtos->inserir()
#9 C:\xampp\htdocs\codeigniter\system\CodeIgniter.php(482): CodeIgniter\CodeIgniter->runController(Object(App\Controllers\Produtos))
#10 C:\xampp\htdocs\codeigniter\system\CodeIgniter.php(351): CodeIgniter\CodeIgniter->handleRequest(NULL, Object(Config\Cache), false)
#11 C:\xampp\htdocs\codeigniter\public\index.php(67): CodeIgniter\CodeIgniter->run()
#12 {main}
CRITICAL - 2022-11-14 14:55:14 --> Cannot add or update a child row: a foreign key constraint fails (`cadastro_pedido`.`produto`, CONSTRAINT `fk_produto_pessoa` FOREIGN KEY (`pessoa_id`) REFERENCES `pessoa` (`id`))
in SYSTEMPATH\Database\MySQLi\Connection.php on line 292.
 1 SYSTEMPATH\Database\MySQLi\Connection.php(292): mysqli->query('INSERT INTO `produto` (`nomeproduto`, `valor`) VALUES (\'Teclado\', \'20\')', 0)
 2 SYSTEMPATH\Database\BaseConnection.php(666): CodeIgniter\Database\MySQLi\Connection->execute('INSERT INTO `produto` (`nomeproduto`, `valor`) VALUES (\'Teclado\', \'20\')')
 3 SYSTEMPATH\Database\BaseConnection.php(593): CodeIgniter\Database\BaseConnection->simpleQuery('INSERT INTO `produto` (`nomeproduto`, `valor`) VALUES (\'Teclado\', \'20\')')
 4 SYSTEMPATH\Database\BaseBuilder.php(1916): CodeIgniter\Database\BaseConnection->query('INSERT INTO `produto` (`nomeproduto`, `valor`) VALUES (:nomeproduto:, :valor:)', [...], false)
 5 SYSTEMPATH\Model.php(279): CodeIgniter\Database\BaseBuilder->insert()
 6 SYSTEMPATH\BaseModel.php(749): CodeIgniter\Model->doInsert([...])
 7 SYSTEMPATH\Model.php(667): CodeIgniter\BaseModel->insert([...], true)
 8 APPPATH\Controllers\Produtos.php(61): CodeIgniter\Model->insert([...])
 9 SYSTEMPATH\CodeIgniter.php(927): App\Controllers\Produtos->inserir()
10 SYSTEMPATH\CodeIgniter.php(482): CodeIgniter\CodeIgniter->runController(Object(App\Controllers\Produtos))
11 SYSTEMPATH\CodeIgniter.php(351): CodeIgniter\CodeIgniter->handleRequest(null, Object(Config\Cache), false)
12 FCPATH\index.php(67): CodeIgniter\CodeIgniter->run()
ERROR - 2022-11-14 14:58:52 --> mysqli_sql_exception: Cannot add or update a child row: a foreign key constraint fails (`cadastro_pedido`.`produto`, CONSTRAINT `fk_produto_pessoa` FOREIGN KEY (`pessoa_id`) REFERENCES `pessoa` (`id`)) in C:\xampp\htdocs\codeigniter\system\Database\MySQLi\Connection.php:292
Stack trace:
#0 C:\xampp\htdocs\codeigniter\system\Database\MySQLi\Connection.php(292): mysqli->query('INSERT INTO `pr...', 0)
#1 C:\xampp\htdocs\codeigniter\system\Database\BaseConnection.php(666): CodeIgniter\Database\MySQLi\Connection->execute('INSERT INTO `pr...')
#2 C:\xampp\htdocs\codeigniter\system\Database\BaseConnection.php(593): CodeIgniter\Database\BaseConnection->simpleQuery('INSERT INTO `pr...')
#3 C:\xampp\htdocs\codeigniter\system\Database\BaseBuilder.php(1916): CodeIgniter\Database\BaseConnection->query('INSERT INTO `pr...', Array, false)
#4 C:\xampp\htdocs\codeigniter\system\Model.php(279): CodeIgniter\Database\BaseBuilder->insert()
#5 C:\xampp\htdocs\codeigniter\system\BaseModel.php(749): CodeIgniter\Model->doInsert(Array)
#6 C:\xampp\htdocs\codeigniter\system\Model.php(667): CodeIgniter\BaseModel->insert(Array, true)
#7 C:\xampp\htdocs\codeigniter\app\Controllers\Produtos.php(61): CodeIgniter\Model->insert(Array)
#8 C:\xampp\htdocs\codeigniter\system\CodeIgniter.php(927): App\Controllers\Produtos->inserir()
#9 C:\xampp\htdocs\codeigniter\system\CodeIgniter.php(482): CodeIgniter\CodeIgniter->runController(Object(App\Controllers\Produtos))
#10 C:\xampp\htdocs\codeigniter\system\CodeIgniter.php(351): CodeIgniter\CodeIgniter->handleRequest(NULL, Object(Config\Cache), false)
#11 C:\xampp\htdocs\codeigniter\public\index.php(67): CodeIgniter\CodeIgniter->run()
#12 {main}
CRITICAL - 2022-11-14 14:58:52 --> Cannot add or update a child row: a foreign key constraint fails (`cadastro_pedido`.`produto`, CONSTRAINT `fk_produto_pessoa` FOREIGN KEY (`pessoa_id`) REFERENCES `pessoa` (`id`))
in SYSTEMPATH\Database\MySQLi\Connection.php on line 292.
 1 SYSTEMPATH\Database\MySQLi\Connection.php(292): mysqli->query('INSERT INTO `produto` (`nomeproduto`, `valor`) VALUES (\'Teclado\', \'20\')', 0)
 2 SYSTEMPATH\Database\BaseConnection.php(666): CodeIgniter\Database\MySQLi\Connection->execute('INSERT INTO `produto` (`nomeproduto`, `valor`) VALUES (\'Teclado\', \'20\')')
 3 SYSTEMPATH\Database\BaseConnection.php(593): CodeIgniter\Database\BaseConnection->simpleQuery('INSERT INTO `produto` (`nomeproduto`, `valor`) VALUES (\'Teclado\', \'20\')')
 4 SYSTEMPATH\Database\BaseBuilder.php(1916): CodeIgniter\Database\BaseConnection->query('INSERT INTO `produto` (`nomeproduto`, `valor`) VALUES (:nomeproduto:, :valor:)', [...], false)
 5 SYSTEMPATH\Model.php(279): CodeIgniter\Database\BaseBuilder->insert()
 6 SYSTEMPATH\BaseModel.php(749): CodeIgniter\Model->doInsert([...])
 7 SYSTEMPATH\Model.php(667): CodeIgniter\BaseModel->insert([...], true)
 8 APPPATH\Controllers\Produtos.php(61): CodeIgniter\Model->insert([...])
 9 SYSTEMPATH\CodeIgniter.php(927): App\Controllers\Produtos->inserir()
10 SYSTEMPATH\CodeIgniter.php(482): CodeIgniter\CodeIgniter->runController(Object(App\Controllers\Produtos))
11 SYSTEMPATH\CodeIgniter.php(351): CodeIgniter\CodeIgniter->handleRequest(null, Object(Config\Cache), false)
12 FCPATH\index.php(67): CodeIgniter\CodeIgniter->run()
ERROR - 2022-11-14 15:31:34 --> mysqli_sql_exception: Cannot add or update a child row: a foreign key constraint fails (`cadastro_pedido`.`produto`, CONSTRAINT `fk_produto_pessoa` FOREIGN KEY (`pessoa_id`) REFERENCES `pessoa` (`id`) ON DELETE CASCADE) in C:\xampp\htdocs\codeigniter\system\Database\MySQLi\Connection.php:292
Stack trace:
#0 C:\xampp\htdocs\codeigniter\system\Database\MySQLi\Connection.php(292): mysqli->query('INSERT INTO `pr...', 0)
#1 C:\xampp\htdocs\codeigniter\system\Database\BaseConnection.php(666): CodeIgniter\Database\MySQLi\Connection->execute('INSERT INTO `pr...')
#2 C:\xampp\htdocs\codeigniter\system\Database\BaseConnection.php(593): CodeIgniter\Database\BaseConnection->simpleQuery('INSERT INTO `pr...')
#3 C:\xampp\htdocs\codeigniter\system\Database\BaseBuilder.php(1916): CodeIgniter\Database\BaseConnection->query('INSERT INTO `pr...', Array, false)
#4 C:\xampp\htdocs\codeigniter\system\Model.php(279): CodeIgniter\Database\BaseBuilder->insert()
#5 C:\xampp\htdocs\codeigniter\system\BaseModel.php(749): CodeIgniter\Model->doInsert(Array)
#6 C:\xampp\htdocs\codeigniter\system\Model.php(667): CodeIgniter\BaseModel->insert(Array, true)
#7 C:\xampp\htdocs\codeigniter\app\Controllers\Produtos.php(61): CodeIgniter\Model->insert(Array)
#8 C:\xampp\htdocs\codeigniter\system\CodeIgniter.php(927): App\Controllers\Produtos->inserir()
#9 C:\xampp\htdocs\codeigniter\system\CodeIgniter.php(482): CodeIgniter\CodeIgniter->runController(Object(App\Controllers\Produtos))
#10 C:\xampp\htdocs\codeigniter\system\CodeIgniter.php(351): CodeIgniter\CodeIgniter->handleRequest(NULL, Object(Config\Cache), false)
#11 C:\xampp\htdocs\codeigniter\public\index.php(67): CodeIgniter\CodeIgniter->run()
#12 {main}
CRITICAL - 2022-11-14 15:31:34 --> Cannot add or update a child row: a foreign key constraint fails (`cadastro_pedido`.`produto`, CONSTRAINT `fk_produto_pessoa` FOREIGN KEY (`pessoa_id`) REFERENCES `pessoa` (`id`) ON DELETE CASCADE)
in SYSTEMPATH\Database\MySQLi\Connection.php on line 292.
 1 SYSTEMPATH\Database\MySQLi\Connection.php(292): mysqli->query('INSERT INTO `produto` (`nomeproduto`, `valor`) VALUES (\'Teclado\', \'20\')', 0)
 2 SYSTEMPATH\Database\BaseConnection.php(666): CodeIgniter\Database\MySQLi\Connection->execute('INSERT INTO `produto` (`nomeproduto`, `valor`) VALUES (\'Teclado\', \'20\')')
 3 SYSTEMPATH\Database\BaseConnection.php(593): CodeIgniter\Database\BaseConnection->simpleQuery('INSERT INTO `produto` (`nomeproduto`, `valor`) VALUES (\'Teclado\', \'20\')')
 4 SYSTEMPATH\Database\BaseBuilder.php(1916): CodeIgniter\Database\BaseConnection->query('INSERT INTO `produto` (`nomeproduto`, `valor`) VALUES (:nomeproduto:, :valor:)', [...], false)
 5 SYSTEMPATH\Model.php(279): CodeIgniter\Database\BaseBuilder->insert()
 6 SYSTEMPATH\BaseModel.php(749): CodeIgniter\Model->doInsert([...])
 7 SYSTEMPATH\Model.php(667): CodeIgniter\BaseModel->insert([...], true)
 8 APPPATH\Controllers\Produtos.php(61): CodeIgniter\Model->insert([...])
 9 SYSTEMPATH\CodeIgniter.php(927): App\Controllers\Produtos->inserir()
10 SYSTEMPATH\CodeIgniter.php(482): CodeIgniter\CodeIgniter->runController(Object(App\Controllers\Produtos))
11 SYSTEMPATH\CodeIgniter.php(351): CodeIgniter\CodeIgniter->handleRequest(null, Object(Config\Cache), false)
12 FCPATH\index.php(67): CodeIgniter\CodeIgniter->run()
CRITICAL - 2022-11-14 15:39:30 --> Undefined variable $produtoModel
in APPPATH\Controllers\Produtos.php on line 70.
 1 APPPATH\Controllers\Produtos.php(70): CodeIgniter\Debug\Exceptions->errorHandler(2, 'Undefined variable $produtoModel', 'APPPATH\\Controllers\\Produtos.php', 70)
 2 SYSTEMPATH\CodeIgniter.php(927): App\Controllers\Produtos->inserir()
 3 SYSTEMPATH\CodeIgniter.php(482): CodeIgniter\CodeIgniter->runController(Object(App\Controllers\Produtos))
 4 SYSTEMPATH\CodeIgniter.php(351): CodeIgniter\CodeIgniter->handleRequest(null, Object(Config\Cache), false)
 5 FCPATH\index.php(67): CodeIgniter\CodeIgniter->run()
ERROR - 2022-11-14 15:42:33 --> mysqli_sql_exception: Cannot add or update a child row: a foreign key constraint fails (`cadastro_pedido`.`produto`, CONSTRAINT `fk_produto_pessoa` FOREIGN KEY (`pessoa_id`) REFERENCES `pessoa` (`id`) ON DELETE CASCADE) in C:\xampp\htdocs\codeigniter\system\Database\MySQLi\Connection.php:292
Stack trace:
#0 C:\xampp\htdocs\codeigniter\system\Database\MySQLi\Connection.php(292): mysqli->query('INSERT INTO `pr...', 0)
#1 C:\xampp\htdocs\codeigniter\system\Database\BaseConnection.php(666): CodeIgniter\Database\MySQLi\Connection->execute('INSERT INTO `pr...')
#2 C:\xampp\htdocs\codeigniter\system\Database\BaseConnection.php(593): CodeIgniter\Database\BaseConnection->simpleQuery('INSERT INTO `pr...')
#3 C:\xampp\htdocs\codeigniter\system\Database\BaseBuilder.php(1916): CodeIgniter\Database\BaseConnection->query('INSERT INTO `pr...', Array, false)
#4 C:\xampp\htdocs\codeigniter\system\Model.php(279): CodeIgniter\Database\BaseBuilder->insert()
#5 C:\xampp\htdocs\codeigniter\system\BaseModel.php(749): CodeIgniter\Model->doInsert(Array)
#6 C:\xampp\htdocs\codeigniter\system\Model.php(667): CodeIgniter\BaseModel->insert(Array, true)
#7 C:\xampp\htdocs\codeigniter\app\Controllers\Produtos.php(61): CodeIgniter\Model->insert(Array)
#8 C:\xampp\htdocs\codeigniter\system\CodeIgniter.php(927): App\Controllers\Produtos->inserir()
#9 C:\xampp\htdocs\codeigniter\system\CodeIgniter.php(482): CodeIgniter\CodeIgniter->runController(Object(App\Controllers\Produtos))
#10 C:\xampp\htdocs\codeigniter\system\CodeIgniter.php(351): CodeIgniter\CodeIgniter->handleRequest(NULL, Object(Config\Cache), false)
#11 C:\xampp\htdocs\codeigniter\public\index.php(67): CodeIgniter\CodeIgniter->run()
#12 {main}
CRITICAL - 2022-11-14 15:42:33 --> Cannot add or update a child row: a foreign key constraint fails (`cadastro_pedido`.`produto`, CONSTRAINT `fk_produto_pessoa` FOREIGN KEY (`pessoa_id`) REFERENCES `pessoa` (`id`) ON DELETE CASCADE)
in SYSTEMPATH\Database\MySQLi\Connection.php on line 292.
 1 SYSTEMPATH\Database\MySQLi\Connection.php(292): mysqli->query('INSERT INTO `produto` (`nomeproduto`, `valor`) VALUES (\'Teclado\', \'20\')', 0)
 2 SYSTEMPATH\Database\BaseConnection.php(666): CodeIgniter\Database\MySQLi\Connection->execute('INSERT INTO `produto` (`nomeproduto`, `valor`) VALUES (\'Teclado\', \'20\')')
 3 SYSTEMPATH\Database\BaseConnection.php(593): CodeIgniter\Database\BaseConnection->simpleQuery('INSERT INTO `produto` (`nomeproduto`, `valor`) VALUES (\'Teclado\', \'20\')')
 4 SYSTEMPATH\Database\BaseBuilder.php(1916): CodeIgniter\Database\BaseConnection->query('INSERT INTO `produto` (`nomeproduto`, `valor`) VALUES (:nomeproduto:, :valor:)', [...], false)
 5 SYSTEMPATH\Model.php(279): CodeIgniter\Database\BaseBuilder->insert()
 6 SYSTEMPATH\BaseModel.php(749): CodeIgniter\Model->doInsert([...])
 7 SYSTEMPATH\Model.php(667): CodeIgniter\BaseModel->insert([...], true)
 8 APPPATH\Controllers\Produtos.php(61): CodeIgniter\Model->insert([...])
 9 SYSTEMPATH\CodeIgniter.php(927): App\Controllers\Produtos->inserir()
10 SYSTEMPATH\CodeIgniter.php(482): CodeIgniter\CodeIgniter->runController(Object(App\Controllers\Produtos))
11 SYSTEMPATH\CodeIgniter.php(351): CodeIgniter\CodeIgniter->handleRequest(null, Object(Config\Cache), false)
12 FCPATH\index.php(67): CodeIgniter\CodeIgniter->run()
CRITICAL - 2022-11-14 15:47:04 --> Array to string conversion
in APPPATH\Views\produtos_form.php on line 30.
 1 APPPATH\Views\produtos_form.php(30): CodeIgniter\Debug\Exceptions->errorHandler(2, 'Array to string conversion', 'APPPATH\\Views\\produtos_form.php', 30)
 2 SYSTEMPATH\View\View.php(213): include('APPPATH\\Views\\produtos_form.php')
 3 SYSTEMPATH\View\View.php(216): CodeIgniter\View\View->CodeIgniter\View\{closure}()
 4 SYSTEMPATH\Common.php(1134): CodeIgniter\View\View->render('produtos_form', [], true)
 5 APPPATH\Controllers\Produtos.php(84): view('produtos_form', [...])
 6 SYSTEMPATH\CodeIgniter.php(927): App\Controllers\Produtos->inserir()
 7 SYSTEMPATH\CodeIgniter.php(482): CodeIgniter\CodeIgniter->runController(Object(App\Controllers\Produtos))
 8 SYSTEMPATH\CodeIgniter.php(351): CodeIgniter\CodeIgniter->handleRequest(null, Object(Config\Cache), false)
 9 FCPATH\index.php(67): CodeIgniter\CodeIgniter->run()
CRITICAL - 2022-11-14 15:59:57 --> Object of class stdClass could not be converted to string
in APPPATH\Controllers\Fisica.php on line 46.
 1 APPPATH\Controllers\Fisica.php(46): implode([...])
 2 SYSTEMPATH\CodeIgniter.php(927): App\Controllers\Fisica->inserir()
 3 SYSTEMPATH\CodeIgniter.php(482): CodeIgniter\CodeIgniter->runController(Object(App\Controllers\Fisica))
 4 SYSTEMPATH\CodeIgniter.php(351): CodeIgniter\CodeIgniter->handleRequest(null, Object(Config\Cache), false)
 5 FCPATH\index.php(67): CodeIgniter\CodeIgniter->run()
CRITICAL - 2022-11-14 16:02:00 --> Array to string conversion
in APPPATH\Views\fisica_form.php on line 8.
 1 APPPATH\Views\fisica_form.php(8): CodeIgniter\Debug\Exceptions->errorHandler(2, 'Array to string conversion', 'APPPATH\\Views\\fisica_form.php', 8)
 2 SYSTEMPATH\View\View.php(213): include('APPPATH\\Views\\fisica_form.php')
 3 SYSTEMPATH\View\View.php(216): CodeIgniter\View\View->CodeIgniter\View\{closure}()
 4 SYSTEMPATH\Common.php(1134): CodeIgniter\View\View->render('fisica_form', [], true)
 5 APPPATH\Controllers\Fisica.php(57): view('fisica_form', [...])
 6 SYSTEMPATH\CodeIgniter.php(927): App\Controllers\Fisica->inserir()
 7 SYSTEMPATH\CodeIgniter.php(482): CodeIgniter\CodeIgniter->runController(Object(App\Controllers\Fisica))
 8 SYSTEMPATH\CodeIgniter.php(351): CodeIgniter\CodeIgniter->handleRequest(null, Object(Config\Cache), false)
 9 FCPATH\index.php(67): CodeIgniter\CodeIgniter->run()
CRITICAL - 2022-11-14 16:05:15 --> Undefined variable $x
in APPPATH\Views\fisica_form.php on line 24.
 1 APPPATH\Views\fisica_form.php(24): CodeIgniter\Debug\Exceptions->errorHandler(2, 'Undefined variable $x', 'APPPATH\\Views\\fisica_form.php', 24)
 2 SYSTEMPATH\View\View.php(213): include('APPPATH\\Views\\fisica_form.php')
 3 SYSTEMPATH\View\View.php(216): CodeIgniter\View\View->CodeIgniter\View\{closure}()
 4 SYSTEMPATH\Common.php(1134): CodeIgniter\View\View->render('fisica_form', [], true)
 5 APPPATH\Controllers\Fisica.php(58): view('fisica_form', [...])
 6 SYSTEMPATH\CodeIgniter.php(927): App\Controllers\Fisica->inserir()
 7 SYSTEMPATH\CodeIgniter.php(482): CodeIgniter\CodeIgniter->runController(Object(App\Controllers\Fisica))
 8 SYSTEMPATH\CodeIgniter.php(351): CodeIgniter\CodeIgniter->handleRequest(null, Object(Config\Cache), false)
 9 FCPATH\index.php(67): CodeIgniter\CodeIgniter->run()
ERROR - 2022-11-14 16:08:08 --> mysqli_sql_exception: Cannot add or update a child row: a foreign key constraint fails (`cadastro_pedido`.`produto`, CONSTRAINT `fk_produto_pessoa` FOREIGN KEY (`pessoa_id`) REFERENCES `pessoa` (`id`) ON DELETE CASCADE) in C:\xampp\htdocs\codeigniter\system\Database\MySQLi\Connection.php:292
Stack trace:
#0 C:\xampp\htdocs\codeigniter\system\Database\MySQLi\Connection.php(292): mysqli->query('INSERT INTO `pr...', 0)
#1 C:\xampp\htdocs\codeigniter\system\Database\BaseConnection.php(666): CodeIgniter\Database\MySQLi\Connection->execute('INSERT INTO `pr...')
#2 C:\xampp\htdocs\codeigniter\system\Database\BaseConnection.php(593): CodeIgniter\Database\BaseConnection->simpleQuery('INSERT INTO `pr...')
#3 C:\xampp\htdocs\codeigniter\system\Database\BaseBuilder.php(1916): CodeIgniter\Database\BaseConnection->query('INSERT INTO `pr...', Array, false)
#4 C:\xampp\htdocs\codeigniter\system\Model.php(279): CodeIgniter\Database\BaseBuilder->insert()
#5 C:\xampp\htdocs\codeigniter\system\BaseModel.php(749): CodeIgniter\Model->doInsert(Array)
#6 C:\xampp\htdocs\codeigniter\system\Model.php(667): CodeIgniter\BaseModel->insert(Array, true)
#7 C:\xampp\htdocs\codeigniter\app\Controllers\Produtos.php(61): CodeIgniter\Model->insert(Array)
#8 C:\xampp\htdocs\codeigniter\system\CodeIgniter.php(927): App\Controllers\Produtos->inserir()
#9 C:\xampp\htdocs\codeigniter\system\CodeIgniter.php(482): CodeIgniter\CodeIgniter->runController(Object(App\Controllers\Produtos))
#10 C:\xampp\htdocs\codeigniter\system\CodeIgniter.php(351): CodeIgniter\CodeIgniter->handleRequest(NULL, Object(Config\Cache), false)
#11 C:\xampp\htdocs\codeigniter\public\index.php(67): CodeIgniter\CodeIgniter->run()
#12 {main}
CRITICAL - 2022-11-14 16:08:08 --> Cannot add or update a child row: a foreign key constraint fails (`cadastro_pedido`.`produto`, CONSTRAINT `fk_produto_pessoa` FOREIGN KEY (`pessoa_id`) REFERENCES `pessoa` (`id`) ON DELETE CASCADE)
in SYSTEMPATH\Database\MySQLi\Connection.php on line 292.
 1 SYSTEMPATH\Database\MySQLi\Connection.php(292): mysqli->query('INSERT INTO `produto` (`nomeproduto`, `valor`) VALUES (\'Teclado\', \'20\')', 0)
 2 SYSTEMPATH\Database\BaseConnection.php(666): CodeIgniter\Database\MySQLi\Connection->execute('INSERT INTO `produto` (`nomeproduto`, `valor`) VALUES (\'Teclado\', \'20\')')
 3 SYSTEMPATH\Database\BaseConnection.php(593): CodeIgniter\Database\BaseConnection->simpleQuery('INSERT INTO `produto` (`nomeproduto`, `valor`) VALUES (\'Teclado\', \'20\')')
 4 SYSTEMPATH\Database\BaseBuilder.php(1916): CodeIgniter\Database\BaseConnection->query('INSERT INTO `produto` (`nomeproduto`, `valor`) VALUES (:nomeproduto:, :valor:)', [...], false)
 5 SYSTEMPATH\Model.php(279): CodeIgniter\Database\BaseBuilder->insert()
 6 SYSTEMPATH\BaseModel.php(749): CodeIgniter\Model->doInsert([...])
 7 SYSTEMPATH\Model.php(667): CodeIgniter\BaseModel->insert([...], true)
 8 APPPATH\Controllers\Produtos.php(61): CodeIgniter\Model->insert([...])
 9 SYSTEMPATH\CodeIgniter.php(927): App\Controllers\Produtos->inserir()
10 SYSTEMPATH\CodeIgniter.php(482): CodeIgniter\CodeIgniter->runController(Object(App\Controllers\Produtos))
11 SYSTEMPATH\CodeIgniter.php(351): CodeIgniter\CodeIgniter->handleRequest(null, Object(Config\Cache), false)
12 FCPATH\index.php(67): CodeIgniter\CodeIgniter->run()
ERROR - 2022-11-14 16:09:51 --> mysqli_sql_exception: Cannot add or update a child row: a foreign key constraint fails (`cadastro_pedido`.`produto`, CONSTRAINT `fk_produto_pessoa` FOREIGN KEY (`pessoa_id`) REFERENCES `pessoa` (`id`) ON DELETE CASCADE) in C:\xampp\htdocs\codeigniter\system\Database\MySQLi\Connection.php:292
Stack trace:
#0 C:\xampp\htdocs\codeigniter\system\Database\MySQLi\Connection.php(292): mysqli->query('INSERT INTO `pr...', 0)
#1 C:\xampp\htdocs\codeigniter\system\Database\BaseConnection.php(666): CodeIgniter\Database\MySQLi\Connection->execute('INSERT INTO `pr...')
#2 C:\xampp\htdocs\codeigniter\system\Database\BaseConnection.php(593): CodeIgniter\Database\BaseConnection->simpleQuery('INSERT INTO `pr...')
#3 C:\xampp\htdocs\codeigniter\system\Database\BaseBuilder.php(1916): CodeIgniter\Database\BaseConnection->query('INSERT INTO `pr...', Array, false)
#4 C:\xampp\htdocs\codeigniter\system\Model.php(279): CodeIgniter\Database\BaseBuilder->insert()
#5 C:\xampp\htdocs\codeigniter\system\BaseModel.php(749): CodeIgniter\Model->doInsert(Array)
#6 C:\xampp\htdocs\codeigniter\system\Model.php(667): CodeIgniter\BaseModel->insert(Array, true)
#7 C:\xampp\htdocs\codeigniter\app\Controllers\Produtos.php(61): CodeIgniter\Model->insert(Array)
#8 C:\xampp\htdocs\codeigniter\system\CodeIgniter.php(927): App\Controllers\Produtos->inserir()
#9 C:\xampp\htdocs\codeigniter\system\CodeIgniter.php(482): CodeIgniter\CodeIgniter->runController(Object(App\Controllers\Produtos))
#10 C:\xampp\htdocs\codeigniter\system\CodeIgniter.php(351): CodeIgniter\CodeIgniter->handleRequest(NULL, Object(Config\Cache), false)
#11 C:\xampp\htdocs\codeigniter\public\index.php(67): CodeIgniter\CodeIgniter->run()
#12 {main}
CRITICAL - 2022-11-14 16:09:51 --> Cannot add or update a child row: a foreign key constraint fails (`cadastro_pedido`.`produto`, CONSTRAINT `fk_produto_pessoa` FOREIGN KEY (`pessoa_id`) REFERENCES `pessoa` (`id`) ON DELETE CASCADE)
in SYSTEMPATH\Database\MySQLi\Connection.php on line 292.
 1 SYSTEMPATH\Database\MySQLi\Connection.php(292): mysqli->query('INSERT INTO `produto` (`nomeproduto`, `valor`) VALUES (\'Teclado\', \'20\')', 0)
 2 SYSTEMPATH\Database\BaseConnection.php(666): CodeIgniter\Database\MySQLi\Connection->execute('INSERT INTO `produto` (`nomeproduto`, `valor`) VALUES (\'Teclado\', \'20\')')
 3 SYSTEMPATH\Database\BaseConnection.php(593): CodeIgniter\Database\BaseConnection->simpleQuery('INSERT INTO `produto` (`nomeproduto`, `valor`) VALUES (\'Teclado\', \'20\')')
 4 SYSTEMPATH\Database\BaseBuilder.php(1916): CodeIgniter\Database\BaseConnection->query('INSERT INTO `produto` (`nomeproduto`, `valor`) VALUES (:nomeproduto:, :valor:)', [...], false)
 5 SYSTEMPATH\Model.php(279): CodeIgniter\Database\BaseBuilder->insert()
 6 SYSTEMPATH\BaseModel.php(749): CodeIgniter\Model->doInsert([...])
 7 SYSTEMPATH\Model.php(667): CodeIgniter\BaseModel->insert([...], true)
 8 APPPATH\Controllers\Produtos.php(61): CodeIgniter\Model->insert([...])
 9 SYSTEMPATH\CodeIgniter.php(927): App\Controllers\Produtos->inserir()
10 SYSTEMPATH\CodeIgniter.php(482): CodeIgniter\CodeIgniter->runController(Object(App\Controllers\Produtos))
11 SYSTEMPATH\CodeIgniter.php(351): CodeIgniter\CodeIgniter->handleRequest(null, Object(Config\Cache), false)
12 FCPATH\index.php(67): CodeIgniter\CodeIgniter->run()
ERROR - 2022-11-14 16:11:08 --> mysqli_sql_exception: Cannot add or update a child row: a foreign key constraint fails (`cadastro_pedido`.`produto`, CONSTRAINT `fk_produto_pessoa` FOREIGN KEY (`pessoa_id`) REFERENCES `pessoa` (`id`) ON DELETE CASCADE) in C:\xampp\htdocs\codeigniter\system\Database\MySQLi\Connection.php:292
Stack trace:
#0 C:\xampp\htdocs\codeigniter\system\Database\MySQLi\Connection.php(292): mysqli->query('INSERT INTO `pr...', 0)
#1 C:\xampp\htdocs\codeigniter\system\Database\BaseConnection.php(666): CodeIgniter\Database\MySQLi\Connection->execute('INSERT INTO `pr...')
#2 C:\xampp\htdocs\codeigniter\system\Database\BaseConnection.php(593): CodeIgniter\Database\BaseConnection->simpleQuery('INSERT INTO `pr...')
#3 C:\xampp\htdocs\codeigniter\system\Database\BaseBuilder.php(1916): CodeIgniter\Database\BaseConnection->query('INSERT INTO `pr...', Array, false)
#4 C:\xampp\htdocs\codeigniter\system\Model.php(279): CodeIgniter\Database\BaseBuilder->insert()
#5 C:\xampp\htdocs\codeigniter\system\BaseModel.php(749): CodeIgniter\Model->doInsert(Array)
#6 C:\xampp\htdocs\codeigniter\system\Model.php(667): CodeIgniter\BaseModel->insert(Array, true)
#7 C:\xampp\htdocs\codeigniter\app\Controllers\Produtos.php(61): CodeIgniter\Model->insert(Array)
#8 C:\xampp\htdocs\codeigniter\system\CodeIgniter.php(927): App\Controllers\Produtos->inserir()
#9 C:\xampp\htdocs\codeigniter\system\CodeIgniter.php(482): CodeIgniter\CodeIgniter->runController(Object(App\Controllers\Produtos))
#10 C:\xampp\htdocs\codeigniter\system\CodeIgniter.php(351): CodeIgniter\CodeIgniter->handleRequest(NULL, Object(Config\Cache), false)
#11 C:\xampp\htdocs\codeigniter\public\index.php(67): CodeIgniter\CodeIgniter->run()
#12 {main}
CRITICAL - 2022-11-14 16:11:08 --> Cannot add or update a child row: a foreign key constraint fails (`cadastro_pedido`.`produto`, CONSTRAINT `fk_produto_pessoa` FOREIGN KEY (`pessoa_id`) REFERENCES `pessoa` (`id`) ON DELETE CASCADE)
in SYSTEMPATH\Database\MySQLi\Connection.php on line 292.
 1 SYSTEMPATH\Database\MySQLi\Connection.php(292): mysqli->query('INSERT INTO `produto` (`nomeproduto`, `valor`, `pessoa_id`) VALUES (\'\', \'\', \'\')', 0)
 2 SYSTEMPATH\Database\BaseConnection.php(666): CodeIgniter\Database\MySQLi\Connection->execute('INSERT INTO `produto` (`nomeproduto`, `valor`, `pessoa_id`) VALUES (\'\', \'\', \'\')')
 3 SYSTEMPATH\Database\BaseConnection.php(593): CodeIgniter\Database\BaseConnection->simpleQuery('INSERT INTO `produto` (`nomeproduto`, `valor`, `pessoa_id`) VALUES (\'\', \'\', \'\')')
 4 SYSTEMPATH\Database\BaseBuilder.php(1916): CodeIgniter\Database\BaseConnection->query('INSERT INTO `produto` (`nomeproduto`, `valor`, `pessoa_id`) VALUES (:nomeproduto:, :valor:, :pessoa_id:)', [...], false)
 5 SYSTEMPATH\Model.php(279): CodeIgniter\Database\BaseBuilder->insert()
 6 SYSTEMPATH\BaseModel.php(749): CodeIgniter\Model->doInsert([...])
 7 SYSTEMPATH\Model.php(667): CodeIgniter\BaseModel->insert([...], true)
 8 APPPATH\Controllers\Produtos.php(61): CodeIgniter\Model->insert([...])
 9 SYSTEMPATH\CodeIgniter.php(927): App\Controllers\Produtos->inserir()
10 SYSTEMPATH\CodeIgniter.php(482): CodeIgniter\CodeIgniter->runController(Object(App\Controllers\Produtos))
11 SYSTEMPATH\CodeIgniter.php(351): CodeIgniter\CodeIgniter->handleRequest(null, Object(Config\Cache), false)
12 FCPATH\index.php(67): CodeIgniter\CodeIgniter->run()
